2025-04-24 00:08:08 [File Watcher] - Restarting due to 1 class path change (1 addition, 0 deletions, 0 modifications)
2025-04-24 00:08:09 [Thread-5] - Pausing ProtocolHandler ["http-nio-8080"]
2025-04-24 00:08:09 [Thread-5] - Stopping service [Tomcat]
2025-04-24 00:08:09 [Thread-5] - Stopping ProtocolHandler ["http-nio-8080"]
2025-04-24 00:08:09 [Thread-5] - Destroying ProtocolHandler ["http-nio-8080"]
2025-04-24 00:08:09 [Thread-5] - {dataSource-1} closing ...
2025-04-24 00:08:09 [Thread-5] - {dataSource-1} closed
2025-04-24 00:08:10 [restartedMain] - Starting SchoolRoomSysApplication using Java 1.8.0_144 on DESKTOP-9U7NROF with PID 19276 (D:\code\dl\SchoolRoomSys\target\classes started by 董梁 in D:\code\dl\SchoolRoomSys)
2025-04-24 00:08:10 [restartedMain] - No active profile set, falling back to 1 default profile: "default"
2025-04-24 00:08:11 [restartedMain] - Tomcat initialized with port(s): 8080 (http)
2025-04-24 00:08:11 [restartedMain] - Initializing ProtocolHandler ["http-nio-8080"]
2025-04-24 00:08:11 [restartedMain] - Starting service [Tomcat]
2025-04-24 00:08:11 [restartedMain] - Starting Servlet engine: [Apache Tomcat/9.0.69]
2025-04-24 00:08:11 [restartedMain] - Initializing Spring embedded WebApplicationContext
2025-04-24 00:08:11 [restartedMain] - Root WebApplicationContext: initialization completed in 836 ms
2025-04-24 00:08:11 [restartedMain] - Mapping filters: characterEncodingFilter urls=[/*] order=-2147483648, corsFilter urls=[/*] order=2147483647
2025-04-24 00:08:11 [restartedMain] - Mapping servlets: dispatcherServlet urls=[/]
2025-04-24 00:08:11 [restartedMain] - Filter 'corsFilter' configured for use
2025-04-24 00:08:11 [restartedMain] - Init DruidDataSource
2025-04-24 00:08:11 [restartedMain] - {dataSource-2} inited
2025-04-24 00:08:11 [restartedMain] - Can not find table primary key in Class: "com.dl.entity.ClassInfo".
2025-04-24 00:08:11 [restartedMain] - Can not find table primary key in Class: "com.dl.entity.pojo.RoomBuildDetails".
2025-04-24 00:08:11 [restartedMain] - Can not find table primary key in Class: "com.dl.entity.TeacherInfo".
2025-04-24 00:08:12 [restartedMain] - Can not find table primary key in Class: "com.dl.entity.SchoolUser".
2025-04-24 00:08:13 [restartedMain] - 开始注册自定义拦截器
2025-04-24 00:08:13 [restartedMain] - 90 mappings in 'requestMappingHandlerMapping'
2025-04-24 00:08:13 [restartedMain] - 生成school端接口文档
2025-04-24 00:08:13 [restartedMain] - Patterns [/doc.html, /webjars/**] in 'resourceHandlerMapping'
2025-04-24 00:08:13 [restartedMain] - LiveReload server is running on port 35729
2025-04-24 00:08:13 [restartedMain] - ControllerAdvice beans: 0 @ModelAttribute, 0 @InitBinder, 1 RequestBodyAdvice, 1 ResponseBodyAdvice
2025-04-24 00:08:13 [restartedMain] - ControllerAdvice beans: 1 @ExceptionHandler, 1 ResponseBodyAdvice
2025-04-24 00:08:13 [restartedMain] - Mapped URL path [/v2/api-docs] onto method [springfox.documentation.swagger2.web.Swagger2ControllerWebMvc#getDocumentation(String, HttpServletRequest)]
2025-04-24 00:08:13 [restartedMain] - Starting ProtocolHandler ["http-nio-8080"]
2025-04-24 00:08:13 [restartedMain] - Tomcat started on port(s): 8080 (http) with context path '/SchoolRoomSys'
2025-04-24 00:08:13 [restartedMain] - Documentation plugins bootstrapped
2025-04-24 00:08:13 [restartedMain] - Found 3 custom documentation plugin(s)
2025-04-24 00:08:13 [restartedMain] - Scanning for api listing references
2025-04-24 00:08:13 [restartedMain] - Scanning for api listing references
2025-04-24 00:08:13 [restartedMain] - Scanning for api listing references
2025-04-24 00:08:13 [restartedMain] - Started SchoolRoomSysApplication in 3.535 seconds (JVM running for 2479.246)
2025-04-24 00:08:13 [restartedMain] - Condition evaluation unchanged
2025-04-24 00:08:14 [File Watcher] - Restarting due to 3 class path changes (2 additions, 0 deletions, 1 modification)
2025-04-24 00:08:15 [Thread-8] - Pausing ProtocolHandler ["http-nio-8080"]
2025-04-24 00:08:15 [Thread-8] - Stopping service [Tomcat]
2025-04-24 00:08:15 [Thread-8] - Stopping ProtocolHandler ["http-nio-8080"]
2025-04-24 00:08:15 [Thread-8] - Destroying ProtocolHandler ["http-nio-8080"]
2025-04-24 00:08:15 [Thread-8] - {dataSource-2} closing ...
2025-04-24 00:08:15 [Thread-8] - {dataSource-2} closed
2025-04-24 00:08:15 [restartedMain] - Starting SchoolRoomSysApplication using Java 1.8.0_144 on DESKTOP-9U7NROF with PID 19276 (D:\code\dl\SchoolRoomSys\target\classes started by 董梁 in D:\code\dl\SchoolRoomSys)
2025-04-24 00:08:15 [restartedMain] - No active profile set, falling back to 1 default profile: "default"
2025-04-24 00:08:16 [restartedMain] - Tomcat initialized with port(s): 8080 (http)
2025-04-24 00:08:16 [restartedMain] - Initializing ProtocolHandler ["http-nio-8080"]
2025-04-24 00:08:16 [restartedMain] - Starting service [Tomcat]
2025-04-24 00:08:16 [restartedMain] - Starting Servlet engine: [Apache Tomcat/9.0.69]
2025-04-24 00:08:16 [restartedMain] - Initializing Spring embedded WebApplicationContext
2025-04-24 00:08:16 [restartedMain] - Root WebApplicationContext: initialization completed in 600 ms
2025-04-24 00:08:16 [restartedMain] - Mapping filters: characterEncodingFilter urls=[/*] order=-2147483648, corsFilter urls=[/*] order=2147483647
2025-04-24 00:08:16 [restartedMain] - Mapping servlets: dispatcherServlet urls=[/]
2025-04-24 00:08:16 [restartedMain] - Filter 'corsFilter' configured for use
2025-04-24 00:08:16 [restartedMain] - Init DruidDataSource
2025-04-24 00:08:16 [restartedMain] - {dataSource-3} inited
2025-04-24 00:08:16 [restartedMain] - Can not find table primary key in Class: "com.dl.entity.ClassInfo".
2025-04-24 00:08:16 [restartedMain] - Can not find table primary key in Class: "com.dl.entity.pojo.RoomBuildDetails".
2025-04-24 00:08:16 [restartedMain] - Can not find table primary key in Class: "com.dl.entity.TeacherInfo".
2025-04-24 00:08:18 [restartedMain] - Can not find table primary key in Class: "com.dl.entity.SchoolUser".
2025-04-24 00:08:18 [restartedMain] - 开始注册自定义拦截器
2025-04-24 00:08:18 [restartedMain] - 90 mappings in 'requestMappingHandlerMapping'
2025-04-24 00:08:18 [restartedMain] - 生成school端接口文档
2025-04-24 00:08:18 [restartedMain] - Patterns [/doc.html, /webjars/**] in 'resourceHandlerMapping'
2025-04-24 00:08:18 [restartedMain] - LiveReload server is running on port 35729
2025-04-24 00:08:18 [restartedMain] - ControllerAdvice beans: 0 @ModelAttribute, 0 @InitBinder, 1 RequestBodyAdvice, 1 ResponseBodyAdvice
2025-04-24 00:08:18 [restartedMain] - ControllerAdvice beans: 1 @ExceptionHandler, 1 ResponseBodyAdvice
2025-04-24 00:08:18 [restartedMain] - Mapped URL path [/v2/api-docs] onto method [springfox.documentation.swagger2.web.Swagger2ControllerWebMvc#getDocumentation(String, HttpServletRequest)]
2025-04-24 00:08:18 [restartedMain] - Starting ProtocolHandler ["http-nio-8080"]
2025-04-24 00:08:18 [restartedMain] - Tomcat started on port(s): 8080 (http) with context path '/SchoolRoomSys'
2025-04-24 00:08:18 [restartedMain] - Documentation plugins bootstrapped
2025-04-24 00:08:18 [restartedMain] - Found 3 custom documentation plugin(s)
2025-04-24 00:08:18 [restartedMain] - Scanning for api listing references
2025-04-24 00:08:18 [restartedMain] - Scanning for api listing references
2025-04-24 00:08:18 [restartedMain] - Scanning for api listing references
2025-04-24 00:08:19 [restartedMain] - Started SchoolRoomSysApplication in 3.232 seconds (JVM running for 2484.562)
2025-04-24 00:08:19 [restartedMain] - Condition evaluation unchanged
2025-04-24 00:08:33 [File Watcher] - Restarting due to 2 class path changes (0 additions, 0 deletions, 2 modifications)
2025-04-24 00:08:34 [Thread-12] - Pausing ProtocolHandler ["http-nio-8080"]
2025-04-24 00:08:34 [Thread-12] - Stopping service [Tomcat]
2025-04-24 00:08:34 [Thread-12] - Stopping ProtocolHandler ["http-nio-8080"]
2025-04-24 00:08:34 [Thread-12] - Destroying ProtocolHandler ["http-nio-8080"]
2025-04-24 00:08:34 [Thread-12] - {dataSource-3} closing ...
2025-04-24 00:08:34 [Thread-12] - {dataSource-3} closed
2025-04-24 00:08:34 [restartedMain] - Starting SchoolRoomSysApplication using Java 1.8.0_144 on DESKTOP-9U7NROF with PID 19276 (D:\code\dl\SchoolRoomSys\target\classes started by 董梁 in D:\code\dl\SchoolRoomSys)
2025-04-24 00:08:34 [restartedMain] - No active profile set, falling back to 1 default profile: "default"
2025-04-24 00:08:35 [restartedMain] - Tomcat initialized with port(s): 8080 (http)
2025-04-24 00:08:35 [restartedMain] - Initializing ProtocolHandler ["http-nio-8080"]
2025-04-24 00:08:35 [restartedMain] - Starting service [Tomcat]
2025-04-24 00:08:35 [restartedMain] - Starting Servlet engine: [Apache Tomcat/9.0.69]
2025-04-24 00:08:35 [restartedMain] - Initializing Spring embedded WebApplicationContext
2025-04-24 00:08:35 [restartedMain] - Root WebApplicationContext: initialization completed in 515 ms
2025-04-24 00:08:35 [restartedMain] - Mapping filters: characterEncodingFilter urls=[/*] order=-2147483648, corsFilter urls=[/*] order=2147483647
2025-04-24 00:08:35 [restartedMain] - Mapping servlets: dispatcherServlet urls=[/]
2025-04-24 00:08:35 [restartedMain] - Filter 'corsFilter' configured for use
2025-04-24 00:08:35 [restartedMain] - Init DruidDataSource
2025-04-24 00:08:35 [restartedMain] - {dataSource-4} inited
2025-04-24 00:08:35 [restartedMain] - Can not find table primary key in Class: "com.dl.entity.ClassInfo".
2025-04-24 00:08:35 [restartedMain] - Can not find table primary key in Class: "com.dl.entity.pojo.RoomBuildDetails".
2025-04-24 00:08:35 [restartedMain] - Can not find table primary key in Class: "com.dl.entity.TeacherInfo".
2025-04-24 00:08:36 [restartedMain] - Can not find table primary key in Class: "com.dl.entity.SchoolUser".
2025-04-24 00:08:36 [restartedMain] - 开始注册自定义拦截器
2025-04-24 00:08:36 [restartedMain] - 90 mappings in 'requestMappingHandlerMapping'
2025-04-24 00:08:36 [restartedMain] - 生成school端接口文档
2025-04-24 00:08:36 [restartedMain] - Patterns [/doc.html, /webjars/**] in 'resourceHandlerMapping'
2025-04-24 00:08:36 [restartedMain] - LiveReload server is running on port 35729
2025-04-24 00:08:36 [restartedMain] - ControllerAdvice beans: 0 @ModelAttribute, 0 @InitBinder, 1 RequestBodyAdvice, 1 ResponseBodyAdvice
2025-04-24 00:08:36 [restartedMain] - ControllerAdvice beans: 1 @ExceptionHandler, 1 ResponseBodyAdvice
2025-04-24 00:08:36 [restartedMain] - Mapped URL path [/v2/api-docs] onto method [springfox.documentation.swagger2.web.Swagger2ControllerWebMvc#getDocumentation(String, HttpServletRequest)]
2025-04-24 00:08:36 [restartedMain] - Starting ProtocolHandler ["http-nio-8080"]
2025-04-24 00:08:36 [restartedMain] - Tomcat started on port(s): 8080 (http) with context path '/SchoolRoomSys'
2025-04-24 00:08:36 [restartedMain] - Documentation plugins bootstrapped
2025-04-24 00:08:36 [restartedMain] - Found 3 custom documentation plugin(s)
2025-04-24 00:08:36 [restartedMain] - Scanning for api listing references
2025-04-24 00:08:36 [restartedMain] - Scanning for api listing references
2025-04-24 00:08:36 [restartedMain] - Scanning for api listing references
2025-04-24 00:08:37 [restartedMain] - Started SchoolRoomSysApplication in 2.45 seconds (JVM running for 2502.673)
2025-04-24 00:08:37 [restartedMain] - Condition evaluation unchanged
2025-04-24 00:08:38 [File Watcher] - Restarting due to 1 class path change (0 additions, 0 deletions, 1 modification)
2025-04-24 00:08:39 [Thread-16] - Pausing ProtocolHandler ["http-nio-8080"]
2025-04-24 00:08:39 [Thread-16] - Stopping service [Tomcat]
2025-04-24 00:08:39 [Thread-16] - Stopping ProtocolHandler ["http-nio-8080"]
2025-04-24 00:08:39 [Thread-16] - Destroying ProtocolHandler ["http-nio-8080"]
2025-04-24 00:08:39 [Thread-16] - {dataSource-4} closing ...
2025-04-24 00:08:39 [Thread-16] - {dataSource-4} closed
2025-04-24 00:08:39 [restartedMain] - Starting SchoolRoomSysApplication using Java 1.8.0_144 on DESKTOP-9U7NROF with PID 19276 (D:\code\dl\SchoolRoomSys\target\classes started by 董梁 in D:\code\dl\SchoolRoomSys)
2025-04-24 00:08:39 [restartedMain] - No active profile set, falling back to 1 default profile: "default"
2025-04-24 00:08:39 [restartedMain] - Tomcat initialized with port(s): 8080 (http)
2025-04-24 00:08:39 [restartedMain] - Initializing ProtocolHandler ["http-nio-8080"]
2025-04-24 00:08:39 [restartedMain] - Starting service [Tomcat]
2025-04-24 00:08:39 [restartedMain] - Starting Servlet engine: [Apache Tomcat/9.0.69]
2025-04-24 00:08:39 [restartedMain] - Initializing Spring embedded WebApplicationContext
2025-04-24 00:08:39 [restartedMain] - Root WebApplicationContext: initialization completed in 449 ms
2025-04-24 00:08:39 [restartedMain] - Mapping filters: characterEncodingFilter urls=[/*] order=-2147483648, corsFilter urls=[/*] order=2147483647
2025-04-24 00:08:39 [restartedMain] - Mapping servlets: dispatcherServlet urls=[/]
2025-04-24 00:08:39 [restartedMain] - Filter 'corsFilter' configured for use
2025-04-24 00:08:39 [restartedMain] - Init DruidDataSource
2025-04-24 00:08:39 [restartedMain] - {dataSource-5} inited
2025-04-24 00:08:39 [restartedMain] - Can not find table primary key in Class: "com.dl.entity.ClassInfo".
2025-04-24 00:08:40 [restartedMain] - Can not find table primary key in Class: "com.dl.entity.pojo.RoomBuildDetails".
2025-04-24 00:08:40 [restartedMain] - Can not find table primary key in Class: "com.dl.entity.TeacherInfo".
2025-04-24 00:08:41 [restartedMain] - Can not find table primary key in Class: "com.dl.entity.SchoolUser".
2025-04-24 00:08:41 [restartedMain] - 开始注册自定义拦截器
2025-04-24 00:08:41 [restartedMain] - 90 mappings in 'requestMappingHandlerMapping'
2025-04-24 00:08:41 [restartedMain] - 生成school端接口文档
2025-04-24 00:08:41 [restartedMain] - Patterns [/doc.html, /webjars/**] in 'resourceHandlerMapping'
2025-04-24 00:08:41 [restartedMain] - LiveReload server is running on port 35729
2025-04-24 00:08:41 [restartedMain] - ControllerAdvice beans: 0 @ModelAttribute, 0 @InitBinder, 1 RequestBodyAdvice, 1 ResponseBodyAdvice
2025-04-24 00:08:41 [restartedMain] - ControllerAdvice beans: 1 @ExceptionHandler, 1 ResponseBodyAdvice
2025-04-24 00:08:41 [restartedMain] - Mapped URL path [/v2/api-docs] onto method [springfox.documentation.swagger2.web.Swagger2ControllerWebMvc#getDocumentation(String, HttpServletRequest)]
2025-04-24 00:08:41 [restartedMain] - Starting ProtocolHandler ["http-nio-8080"]
2025-04-24 00:08:41 [restartedMain] - Tomcat started on port(s): 8080 (http) with context path '/SchoolRoomSys'
2025-04-24 00:08:41 [restartedMain] - Documentation plugins bootstrapped
2025-04-24 00:08:41 [restartedMain] - Found 3 custom documentation plugin(s)
2025-04-24 00:08:41 [restartedMain] - Scanning for api listing references
2025-04-24 00:08:41 [restartedMain] - Scanning for api listing references
2025-04-24 00:08:41 [restartedMain] - Scanning for api listing references
2025-04-24 00:08:41 [restartedMain] - Started SchoolRoomSysApplication in 2.569 seconds (JVM running for 2507.434)
2025-04-24 00:08:41 [restartedMain] - Condition evaluation unchanged
2025-04-24 00:08:54 [File Watcher] - Restarting due to 2 class path changes (0 additions, 0 deletions, 2 modifications)
2025-04-24 00:08:55 [Thread-20] - Pausing ProtocolHandler ["http-nio-8080"]
2025-04-24 00:08:55 [Thread-20] - Stopping service [Tomcat]
2025-04-24 00:08:55 [Thread-20] - Stopping ProtocolHandler ["http-nio-8080"]
2025-04-24 00:08:55 [Thread-20] - Destroying ProtocolHandler ["http-nio-8080"]
2025-04-24 00:08:55 [Thread-20] - {dataSource-5} closing ...
2025-04-24 00:08:55 [Thread-20] - {dataSource-5} closed
2025-04-24 00:08:55 [restartedMain] - Starting SchoolRoomSysApplication using Java 1.8.0_144 on DESKTOP-9U7NROF with PID 19276 (D:\code\dl\SchoolRoomSys\target\classes started by 董梁 in D:\code\dl\SchoolRoomSys)
2025-04-24 00:08:55 [restartedMain] - No active profile set, falling back to 1 default profile: "default"
2025-04-24 00:08:56 [restartedMain] - Tomcat initialized with port(s): 8080 (http)
2025-04-24 00:08:56 [restartedMain] - Initializing ProtocolHandler ["http-nio-8080"]
2025-04-24 00:08:56 [restartedMain] - Starting service [Tomcat]
2025-04-24 00:08:56 [restartedMain] - Starting Servlet engine: [Apache Tomcat/9.0.69]
2025-04-24 00:08:56 [restartedMain] - Initializing Spring embedded WebApplicationContext
2025-04-24 00:08:56 [restartedMain] - Root WebApplicationContext: initialization completed in 577 ms
2025-04-24 00:08:56 [restartedMain] - Mapping filters: characterEncodingFilter urls=[/*] order=-2147483648, corsFilter urls=[/*] order=2147483647
2025-04-24 00:08:56 [restartedMain] - Mapping servlets: dispatcherServlet urls=[/]
2025-04-24 00:08:56 [restartedMain] - Filter 'corsFilter' configured for use
2025-04-24 00:08:56 [restartedMain] - Init DruidDataSource
2025-04-24 00:08:56 [restartedMain] - {dataSource-6} inited
2025-04-24 00:08:56 [restartedMain] - Can not find table primary key in Class: "com.dl.entity.ClassInfo".
2025-04-24 00:08:56 [restartedMain] - Can not find table primary key in Class: "com.dl.entity.pojo.RoomBuildDetails".
2025-04-24 00:08:56 [restartedMain] - Can not find table primary key in Class: "com.dl.entity.TeacherInfo".
2025-04-24 00:08:58 [restartedMain] - Can not find table primary key in Class: "com.dl.entity.SchoolUser".
2025-04-24 00:08:58 [restartedMain] - 开始注册自定义拦截器
2025-04-24 00:08:58 [restartedMain] - 90 mappings in 'requestMappingHandlerMapping'
2025-04-24 00:08:58 [restartedMain] - 生成school端接口文档
2025-04-24 00:08:58 [restartedMain] - Patterns [/doc.html, /webjars/**] in 'resourceHandlerMapping'
2025-04-24 00:08:58 [restartedMain] - LiveReload server is running on port 35729
2025-04-24 00:08:58 [restartedMain] - ControllerAdvice beans: 0 @ModelAttribute, 0 @InitBinder, 1 RequestBodyAdvice, 1 ResponseBodyAdvice
2025-04-24 00:08:58 [restartedMain] - ControllerAdvice beans: 1 @ExceptionHandler, 1 ResponseBodyAdvice
2025-04-24 00:08:58 [restartedMain] - Mapped URL path [/v2/api-docs] onto method [springfox.documentation.swagger2.web.Swagger2ControllerWebMvc#getDocumentation(String, HttpServletRequest)]
2025-04-24 00:08:58 [restartedMain] - Starting ProtocolHandler ["http-nio-8080"]
2025-04-24 00:08:58 [restartedMain] - Tomcat started on port(s): 8080 (http) with context path '/SchoolRoomSys'
2025-04-24 00:08:58 [restartedMain] - Documentation plugins bootstrapped
2025-04-24 00:08:58 [restartedMain] - Found 3 custom documentation plugin(s)
2025-04-24 00:08:58 [restartedMain] - Scanning for api listing references
2025-04-24 00:08:58 [restartedMain] - Scanning for api listing references
2025-04-24 00:08:58 [restartedMain] - Scanning for api listing references
2025-04-24 00:08:58 [restartedMain] - Started SchoolRoomSysApplication in 3.121 seconds (JVM running for 2524.283)
2025-04-24 00:08:58 [restartedMain] - Condition evaluation unchanged
2025-04-24 00:09:25 [File Watcher] - Restarting due to 2 class path changes (0 additions, 0 deletions, 2 modifications)
2025-04-24 00:09:26 [Thread-24] - Pausing ProtocolHandler ["http-nio-8080"]
2025-04-24 00:09:26 [Thread-24] - Stopping service [Tomcat]
2025-04-24 00:09:26 [Thread-24] - Stopping ProtocolHandler ["http-nio-8080"]
2025-04-24 00:09:26 [Thread-24] - Destroying ProtocolHandler ["http-nio-8080"]
2025-04-24 00:09:26 [Thread-24] - {dataSource-6} closing ...
2025-04-24 00:09:26 [Thread-24] - {dataSource-6} closed
2025-04-24 00:09:26 [restartedMain] - Starting SchoolRoomSysApplication using Java 1.8.0_144 on DESKTOP-9U7NROF with PID 19276 (D:\code\dl\SchoolRoomSys\target\classes started by 董梁 in D:\code\dl\SchoolRoomSys)
2025-04-24 00:09:26 [restartedMain] - No active profile set, falling back to 1 default profile: "default"
2025-04-24 00:09:27 [restartedMain] - Tomcat initialized with port(s): 8080 (http)
2025-04-24 00:09:27 [restartedMain] - Initializing ProtocolHandler ["http-nio-8080"]
2025-04-24 00:09:27 [restartedMain] - Starting service [Tomcat]
2025-04-24 00:09:27 [restartedMain] - Starting Servlet engine: [Apache Tomcat/9.0.69]
2025-04-24 00:09:27 [restartedMain] - Initializing Spring embedded WebApplicationContext
2025-04-24 00:09:27 [restartedMain] - Root WebApplicationContext: initialization completed in 477 ms
2025-04-24 00:09:27 [restartedMain] - Mapping filters: characterEncodingFilter urls=[/*] order=-2147483648, corsFilter urls=[/*] order=2147483647
2025-04-24 00:09:27 [restartedMain] - Mapping servlets: dispatcherServlet urls=[/]
2025-04-24 00:09:27 [restartedMain] - Filter 'corsFilter' configured for use
2025-04-24 00:09:27 [restartedMain] - Init DruidDataSource
2025-04-24 00:09:27 [restartedMain] - {dataSource-7} inited
2025-04-24 00:09:27 [restartedMain] - Can not find table primary key in Class: "com.dl.entity.ClassInfo".
2025-04-24 00:09:27 [restartedMain] - Can not find table primary key in Class: "com.dl.entity.pojo.RoomBuildDetails".
2025-04-24 00:09:27 [restartedMain] - Can not find table primary key in Class: "com.dl.entity.TeacherInfo".
2025-04-24 00:09:28 [restartedMain] - Can not find table primary key in Class: "com.dl.entity.SchoolUser".
2025-04-24 00:09:28 [restartedMain] - 开始注册自定义拦截器
2025-04-24 00:09:28 [restartedMain] - 90 mappings in 'requestMappingHandlerMapping'
2025-04-24 00:09:28 [restartedMain] - 生成school端接口文档
2025-04-24 00:09:28 [restartedMain] - Patterns [/doc.html, /webjars/**] in 'resourceHandlerMapping'
2025-04-24 00:09:28 [restartedMain] - LiveReload server is running on port 35729
2025-04-24 00:09:28 [restartedMain] - ControllerAdvice beans: 0 @ModelAttribute, 0 @InitBinder, 1 RequestBodyAdvice, 1 ResponseBodyAdvice
2025-04-24 00:09:28 [restartedMain] - ControllerAdvice beans: 1 @ExceptionHandler, 1 ResponseBodyAdvice
2025-04-24 00:09:28 [restartedMain] - Mapped URL path [/v2/api-docs] onto method [springfox.documentation.swagger2.web.Swagger2ControllerWebMvc#getDocumentation(String, HttpServletRequest)]
2025-04-24 00:09:28 [restartedMain] - Starting ProtocolHandler ["http-nio-8080"]
2025-04-24 00:09:28 [restartedMain] - Tomcat started on port(s): 8080 (http) with context path '/SchoolRoomSys'
2025-04-24 00:09:28 [restartedMain] - Documentation plugins bootstrapped
2025-04-24 00:09:28 [restartedMain] - Found 3 custom documentation plugin(s)
2025-04-24 00:09:28 [restartedMain] - Scanning for api listing references
2025-04-24 00:09:28 [restartedMain] - Scanning for api listing references
2025-04-24 00:09:28 [restartedMain] - Scanning for api listing references
2025-04-24 00:09:29 [restartedMain] - Started SchoolRoomSysApplication in 2.404 seconds (JVM running for 2554.648)
2025-04-24 00:09:29 [restartedMain] - Condition evaluation unchanged
2025-04-24 00:26:18 [http-nio-8080-exec-3] - Initializing Spring DispatcherServlet 'dispatcherServlet'
2025-04-24 00:26:18 [http-nio-8080-exec-3] - Initializing Servlet 'dispatcherServlet'
2025-04-24 00:26:18 [http-nio-8080-exec-3] - Detected StandardServletMultipartResolver
2025-04-24 00:26:18 [http-nio-8080-exec-3] - Detected AcceptHeaderLocaleResolver
2025-04-24 00:26:18 [http-nio-8080-exec-3] - Detected FixedThemeResolver
2025-04-24 00:26:18 [http-nio-8080-exec-3] - Detected org.springframework.web.servlet.view.DefaultRequestToViewNameTranslator@628d37dc
2025-04-24 00:26:18 [http-nio-8080-exec-3] - Detected org.springframework.web.servlet.support.SessionFlashMapManager@69f8e7f5
2025-04-24 00:26:18 [http-nio-8080-exec-3] - enableLoggingRequestDetails='false': request parameters and headers will be masked to prevent unsafe logging of potentially sensitive data
2025-04-24 00:26:18 [http-nio-8080-exec-3] - Completed initialization in 3 ms
2025-04-24 00:26:18 [http-nio-8080-exec-5] - POST "/SchoolRoomSys/master/login", parameters={}
2025-04-24 00:26:18 [http-nio-8080-exec-5] - Mapped to com.dl.controller.MasterLoginController#login(LoginDTO)
2025-04-24 00:26:18 [http-nio-8080-exec-5] - Read "application/json;charset=UTF-8" to [LoginDTO(userType=4, userId=999001002, password=123456)]
2025-04-24 00:26:18 [http-nio-8080-exec-5] - 宿管登录: 999001002
2025-04-24 00:26:18 [http-nio-8080-exec-5] - discard long time none received connection. , jdbcUrl : jdbc:mysql://localhost:3306/schoolroomsys?useUnicode=true&characterEncoding=UTF-8&serverTimezone=Asia/Shanghai, version : 1.2.8, lastPacketReceivedIdleMillis : 1010975
2025-04-24 00:26:18 [http-nio-8080-exec-5] - discard long time none received connection. , jdbcUrl : jdbc:mysql://localhost:3306/schoolroomsys?useUnicode=true&characterEncoding=UTF-8&serverTimezone=Asia/Shanghai, version : 1.2.8, lastPacketReceivedIdleMillis : 1010995
2025-04-24 00:26:18 [http-nio-8080-exec-5] - discard long time none received connection. , jdbcUrl : jdbc:mysql://localhost:3306/schoolroomsys?useUnicode=true&characterEncoding=UTF-8&serverTimezone=Asia/Shanghai, version : 1.2.8, lastPacketReceivedIdleMillis : 1011005
2025-04-24 00:26:18 [http-nio-8080-exec-5] - discard long time none received connection. , jdbcUrl : jdbc:mysql://localhost:3306/schoolroomsys?useUnicode=true&characterEncoding=UTF-8&serverTimezone=Asia/Shanghai, version : 1.2.8, lastPacketReceivedIdleMillis : 1011014
2025-04-24 00:26:18 [http-nio-8080-exec-5] - discard long time none received connection. , jdbcUrl : jdbc:mysql://localhost:3306/schoolroomsys?useUnicode=true&characterEncoding=UTF-8&serverTimezone=Asia/Shanghai, version : 1.2.8, lastPacketReceivedIdleMillis : 1011023
2025-04-24 00:26:18 [http-nio-8080-exec-5] - discard long time none received connection. , jdbcUrl : jdbc:mysql://localhost:3306/schoolroomsys?useUnicode=true&characterEncoding=UTF-8&serverTimezone=Asia/Shanghai, version : 1.2.8, lastPacketReceivedIdleMillis : 1011035
2025-04-24 00:26:18 [http-nio-8080-exec-5] - discard long time none received connection. , jdbcUrl : jdbc:mysql://localhost:3306/schoolroomsys?useUnicode=true&characterEncoding=UTF-8&serverTimezone=Asia/Shanghai, version : 1.2.8, lastPacketReceivedIdleMillis : 1011046
2025-04-24 00:26:18 [http-nio-8080-exec-5] - discard long time none received connection. , jdbcUrl : jdbc:mysql://localhost:3306/schoolroomsys?useUnicode=true&characterEncoding=UTF-8&serverTimezone=Asia/Shanghai, version : 1.2.8, lastPacketReceivedIdleMillis : 1011058
2025-04-24 00:26:18 [http-nio-8080-exec-5] - Using 'application/json', given [*/*] and supported [application/json, application/*+json]
2025-04-24 00:26:18 [http-nio-8080-exec-5] - Writing [Result(code=0, msg=null, data=HouseMasterLoginVO(userId=999001002, userName=张三99, name=张三99, sex=女,  (truncated)...]
2025-04-24 00:26:18 [http-nio-8080-exec-5] - Completed 200 OK
2025-04-24 00:28:27 [http-nio-8080-exec-1] - POST "/SchoolRoomSys/master/login", parameters={}
2025-04-24 00:28:27 [http-nio-8080-exec-1] - Mapped to com.dl.controller.MasterLoginController#login(LoginDTO)
2025-04-24 00:28:27 [http-nio-8080-exec-1] - Read "application/json;charset=UTF-8" to [LoginDTO(userType=4, userId=999001002, password=123456)]
2025-04-24 00:28:27 [http-nio-8080-exec-1] - 宿管登录: 999001002
2025-04-24 00:28:27 [http-nio-8080-exec-1] - discard long time none received connection. , jdbcUrl : jdbc:mysql://localhost:3306/schoolroomsys?useUnicode=true&characterEncoding=UTF-8&serverTimezone=Asia/Shanghai, version : 1.2.8, lastPacketReceivedIdleMillis : 128764
2025-04-24 00:28:27 [http-nio-8080-exec-1] - Using 'application/json', given [*/*] and supported [application/json, application/*+json]
2025-04-24 00:28:27 [http-nio-8080-exec-1] - Writing [Result(code=1, msg=用户名或密码错误, data=null)]
2025-04-24 00:28:27 [http-nio-8080-exec-1] - Completed 200 OK
2025-04-24 00:29:07 [http-nio-8080-exec-8] - POST "/SchoolRoomSys/master/login", parameters={}
2025-04-24 00:29:07 [http-nio-8080-exec-8] - Mapped to com.dl.controller.MasterLoginController#login(LoginDTO)
2025-04-24 00:29:07 [http-nio-8080-exec-8] - Read "application/json;charset=UTF-8" to [LoginDTO(userType=4, userId=9990021001, password=123456)]
2025-04-24 00:29:07 [http-nio-8080-exec-8] - 宿管登录: 9990021001
2025-04-24 00:29:07 [http-nio-8080-exec-8] - Using 'application/json', given [*/*] and supported [application/json, application/*+json]
2025-04-24 00:29:07 [http-nio-8080-exec-8] - Writing [Result(code=1, msg=用户名或密码错误, data=null)]
2025-04-24 00:29:07 [http-nio-8080-exec-8] - Completed 200 OK
2025-04-24 00:29:16 [http-nio-8080-exec-11] - POST "/SchoolRoomSys/master/login", parameters={}
2025-04-24 00:29:16 [http-nio-8080-exec-11] - Mapped to com.dl.controller.MasterLoginController#login(LoginDTO)
2025-04-24 00:29:16 [http-nio-8080-exec-11] - Read "application/json;charset=UTF-8" to [LoginDTO(userType=4, userId=999021001, password=123456)]
2025-04-24 00:29:16 [http-nio-8080-exec-11] - 宿管登录: 999021001
2025-04-24 00:29:16 [http-nio-8080-exec-11] - Using 'application/json', given [*/*] and supported [application/json, application/*+json]
2025-04-24 00:29:16 [http-nio-8080-exec-11] - Writing [Result(code=0, msg=null, data=HouseMasterLoginVO(userId=999021001, userName=张三1, name=张三1, sex=女, ph (truncated)...]
2025-04-24 00:29:16 [http-nio-8080-exec-11] - Completed 200 OK
2025-04-24 00:31:41 [File Watcher] - Restarting due to 4 class path changes (0 additions, 0 deletions, 4 modifications)
2025-04-24 00:31:42 [Thread-28] - Pausing ProtocolHandler ["http-nio-8080"]
2025-04-24 00:31:42 [Thread-28] - Stopping service [Tomcat]
2025-04-24 00:31:42 [Thread-28] - Destroying Spring FrameworkServlet 'dispatcherServlet'
2025-04-24 00:31:42 [Thread-28] - Stopping ProtocolHandler ["http-nio-8080"]
2025-04-24 00:31:42 [Thread-28] - Destroying ProtocolHandler ["http-nio-8080"]
2025-04-24 00:31:42 [Thread-28] - {dataSource-7} closing ...
2025-04-24 00:31:42 [Thread-28] - {dataSource-7} closed
2025-04-24 00:31:43 [restartedMain] - Starting SchoolRoomSysApplication using Java 1.8.0_144 on DESKTOP-9U7NROF with PID 19276 (D:\code\dl\SchoolRoomSys\target\classes started by 董梁 in D:\code\dl\SchoolRoomSys)
2025-04-24 00:31:43 [restartedMain] - No active profile set, falling back to 1 default profile: "default"
