2025-03-01 15:53:56 [background-preinit] - HV000001: Hibernate Validator 6.2.5.Final
2025-03-01 15:53:56 [restartedMain] - Starting SchoolRoomSysApplication using Java 1.8.0_144 on DESKTOP-9U7NROF with PID 12472 (D:\code\dl\SchoolRoomSys\target\classes started by 董梁 in D:\code\dl\SchoolRoomSys)
2025-03-01 15:53:56 [restartedMain] - No active profile set, falling back to 1 default profile: "default"
2025-03-01 15:53:56 [restartedMain] - Devtools property defaults active! Set 'spring.devtools.add-properties' to 'false' to disable
2025-03-01 15:53:59 [restartedMain] - Tomcat initialized with port(s): 8080 (http)
2025-03-01 15:53:59 [restartedMain] - Initializing ProtocolHandler ["http-nio-8080"]
2025-03-01 15:53:59 [restartedMain] - Starting service [Tomcat]
2025-03-01 15:53:59 [restartedMain] - Starting Servlet engine: [Apache Tomcat/9.0.69]
2025-03-01 15:54:00 [restartedMain] - Initializing Spring embedded WebApplicationContext
2025-03-01 15:54:00 [restartedMain] - Root WebApplicationContext: initialization completed in 3250 ms
2025-03-01 15:54:00 [restartedMain] - Mapping filters: characterEncodingFilter urls=[/*] order=-2147483648, corsFilter urls=[/*] order=2147483647
2025-03-01 15:54:00 [restartedMain] - Mapping servlets: dispatcherServlet urls=[/]
2025-03-01 15:54:00 [restartedMain] - Filter 'corsFilter' configured for use
2025-03-01 15:54:00 [restartedMain] - Init DruidDataSource
2025-03-01 15:54:01 [restartedMain] - {dataSource-1} inited
2025-03-01 15:54:04 [restartedMain] - 开始注册自定义拦截器
2025-03-01 15:54:04 [restartedMain] - 11 mappings in 'requestMappingHandlerMapping'
2025-03-01 15:54:04 [restartedMain] - 生成school端接口文档
2025-03-01 15:54:04 [restartedMain] - Patterns [/doc.html, /webjars/**] in 'resourceHandlerMapping'
2025-03-01 15:54:04 [restartedMain] - LiveReload server is running on port 35729
2025-03-01 15:54:04 [restartedMain] - ControllerAdvice beans: 0 @ModelAttribute, 0 @InitBinder, 1 RequestBodyAdvice, 1 ResponseBodyAdvice
2025-03-01 15:54:04 [restartedMain] - ControllerAdvice beans: 1 @ExceptionHandler, 1 ResponseBodyAdvice
2025-03-01 15:54:05 [restartedMain] - Mapped URL path [/v2/api-docs] onto method [springfox.documentation.swagger2.web.Swagger2ControllerWebMvc#getDocumentation(String, HttpServletRequest)]
2025-03-01 15:54:05 [restartedMain] - Starting ProtocolHandler ["http-nio-8080"]
2025-03-01 15:54:05 [restartedMain] - Tomcat started on port(s): 8080 (http) with context path '/SchoolRoomSys'
2025-03-01 15:54:05 [restartedMain] - Documentation plugins bootstrapped
2025-03-01 15:54:05 [restartedMain] - Found 3 custom documentation plugin(s)
2025-03-01 15:54:05 [restartedMain] - Scanning for api listing references
2025-03-01 15:54:05 [restartedMain] - Scanning for api listing references
2025-03-01 15:54:05 [restartedMain] - Scanning for api listing references
2025-03-01 15:54:05 [restartedMain] - Started SchoolRoomSysApplication in 9.857 seconds (JVM running for 10.807)
2025-03-01 15:58:03 [http-nio-8080-exec-1] - Initializing Spring DispatcherServlet 'dispatcherServlet'
2025-03-01 15:58:03 [http-nio-8080-exec-1] - Initializing Servlet 'dispatcherServlet'
2025-03-01 15:58:03 [http-nio-8080-exec-1] - Detected StandardServletMultipartResolver
2025-03-01 15:58:03 [http-nio-8080-exec-1] - Detected AcceptHeaderLocaleResolver
2025-03-01 15:58:03 [http-nio-8080-exec-1] - Detected FixedThemeResolver
2025-03-01 15:58:03 [http-nio-8080-exec-1] - Detected org.springframework.web.servlet.view.DefaultRequestToViewNameTranslator@1b58c79f
2025-03-01 15:58:03 [http-nio-8080-exec-1] - Detected org.springframework.web.servlet.support.SessionFlashMapManager@501cd0cc
2025-03-01 15:58:03 [http-nio-8080-exec-1] - enableLoggingRequestDetails='false': request parameters and headers will be masked to prevent unsafe logging of potentially sensitive data
2025-03-01 15:58:03 [http-nio-8080-exec-1] - Completed initialization in 0 ms
2025-03-01 15:58:03 [http-nio-8080-exec-6] - POST "/SchoolRoomSys/api/login", parameters={}
2025-03-01 15:58:03 [http-nio-8080-exec-6] - Mapped to com.dl.controller.LoginController#login(LoginDTO)
2025-03-01 15:58:04 [http-nio-8080-exec-6] - Read "application/json;charset=UTF-8" to [LoginDTO(userType=1, userId=0000001, password=123456)]
2025-03-01 15:58:04 [http-nio-8080-exec-6] - 用户登录：LoginDTO(userType=1, userId=0000001, password=123456)
2025-03-01 15:58:04 [http-nio-8080-exec-6] - discard long time none received connection. , jdbcUrl : jdbc:mysql://localhost:3306/schoolroomsys?useUnicode=true&characterEncoding=UTF-8&serverTimezone=Asia/Shanghai, version : 1.2.8, lastPacketReceivedIdleMillis : 242295
2025-03-01 15:58:04 [http-nio-8080-exec-6] - discard long time none received connection. , jdbcUrl : jdbc:mysql://localhost:3306/schoolroomsys?useUnicode=true&characterEncoding=UTF-8&serverTimezone=Asia/Shanghai, version : 1.2.8, lastPacketReceivedIdleMillis : 242322
2025-03-01 15:58:04 [http-nio-8080-exec-6] - discard long time none received connection. , jdbcUrl : jdbc:mysql://localhost:3306/schoolroomsys?useUnicode=true&characterEncoding=UTF-8&serverTimezone=Asia/Shanghai, version : 1.2.8, lastPacketReceivedIdleMillis : 242333
2025-03-01 15:58:04 [http-nio-8080-exec-6] - discard long time none received connection. , jdbcUrl : jdbc:mysql://localhost:3306/schoolroomsys?useUnicode=true&characterEncoding=UTF-8&serverTimezone=Asia/Shanghai, version : 1.2.8, lastPacketReceivedIdleMillis : 242352
2025-03-01 15:58:04 [http-nio-8080-exec-6] - discard long time none received connection. , jdbcUrl : jdbc:mysql://localhost:3306/schoolroomsys?useUnicode=true&characterEncoding=UTF-8&serverTimezone=Asia/Shanghai, version : 1.2.8, lastPacketReceivedIdleMillis : 242366
2025-03-01 15:58:04 [http-nio-8080-exec-6] - discard long time none received connection. , jdbcUrl : jdbc:mysql://localhost:3306/schoolroomsys?useUnicode=true&characterEncoding=UTF-8&serverTimezone=Asia/Shanghai, version : 1.2.8, lastPacketReceivedIdleMillis : 242381
2025-03-01 15:58:04 [http-nio-8080-exec-6] - discard long time none received connection. , jdbcUrl : jdbc:mysql://localhost:3306/schoolroomsys?useUnicode=true&characterEncoding=UTF-8&serverTimezone=Asia/Shanghai, version : 1.2.8, lastPacketReceivedIdleMillis : 242392
2025-03-01 15:58:04 [http-nio-8080-exec-6] - discard long time none received connection. , jdbcUrl : jdbc:mysql://localhost:3306/schoolroomsys?useUnicode=true&characterEncoding=UTF-8&serverTimezone=Asia/Shanghai, version : 1.2.8, lastPacketReceivedIdleMillis : 242409
2025-03-01 15:58:04 [http-nio-8080-exec-6] - ==>  Preparing: SELECT su.*, ti.sex as teacher_sex, ci.college_name FROM school_user su LEFT JOIN teacher_info ti ON su.user_id = ti.teacher_id LEFT JOIN college_info ci ON su.level = ci.college_id WHERE su.user_id = ?
2025-03-01 15:58:04 [http-nio-8080-exec-6] - ==> Parameters: 0000001(String)
2025-03-01 15:58:04 [http-nio-8080-exec-6] - <==      Total: 1
2025-03-01 15:58:04 [http-nio-8080-exec-6] - 用户ID：null，操作：用户登录，类型：LOGIN
2025-03-01 15:58:04 [http-nio-8080-exec-6] - Using 'application/json', given [application/json, text/plain, */*] and supported [application/json, application/*+json]
2025-03-01 15:58:04 [http-nio-8080-exec-6] - Writing [Result(code=0, msg=null, data=LoginVO(userId=0000001, userName=dongliang, name=董梁, userType=1, token (truncated)...]
2025-03-01 15:58:04 [http-nio-8080-exec-6] - Completed 200 OK
2025-03-01 16:02:13 [background-preinit] - HV000001: Hibernate Validator 6.2.5.Final
2025-03-01 16:02:13 [restartedMain] - Starting SchoolRoomSysApplication using Java 1.8.0_144 on DESKTOP-9U7NROF with PID 4268 (D:\code\dl\SchoolRoomSys\target\classes started by 董梁 in D:\code\dl\SchoolRoomSys)
2025-03-01 16:02:13 [restartedMain] - No active profile set, falling back to 1 default profile: "default"
2025-03-01 16:02:13 [restartedMain] - Devtools property defaults active! Set 'spring.devtools.add-properties' to 'false' to disable
2025-03-01 16:02:19 [restartedMain] - Tomcat initialized with port(s): 8080 (http)
2025-03-01 16:02:19 [restartedMain] - Initializing ProtocolHandler ["http-nio-8080"]
2025-03-01 16:02:19 [restartedMain] - Starting service [Tomcat]
2025-03-01 16:02:19 [restartedMain] - Starting Servlet engine: [Apache Tomcat/9.0.69]
2025-03-01 16:02:19 [restartedMain] - Initializing Spring embedded WebApplicationContext
2025-03-01 16:02:19 [restartedMain] - Root WebApplicationContext: initialization completed in 5617 ms
2025-03-01 16:02:19 [restartedMain] - Mapping filters: characterEncodingFilter urls=[/*] order=-2147483648, corsFilter urls=[/*] order=2147483647
2025-03-01 16:02:19 [restartedMain] - Mapping servlets: dispatcherServlet urls=[/]
2025-03-01 16:02:19 [restartedMain] - Filter 'corsFilter' configured for use
2025-03-01 16:02:19 [restartedMain] - Init DruidDataSource
2025-03-01 16:02:22 [restartedMain] - {dataSource-1} inited
2025-03-01 16:02:26 [restartedMain] - 开始注册自定义拦截器
2025-03-01 16:02:26 [restartedMain] - 11 mappings in 'requestMappingHandlerMapping'
2025-03-01 16:02:26 [restartedMain] - 生成school端接口文档
2025-03-01 16:02:26 [restartedMain] - Patterns [/doc.html, /webjars/**] in 'resourceHandlerMapping'
2025-03-01 16:02:26 [restartedMain] - LiveReload server is running on port 35729
2025-03-01 16:02:26 [restartedMain] - ControllerAdvice beans: 0 @ModelAttribute, 0 @InitBinder, 1 RequestBodyAdvice, 1 ResponseBodyAdvice
2025-03-01 16:02:26 [restartedMain] - ControllerAdvice beans: 1 @ExceptionHandler, 1 ResponseBodyAdvice
2025-03-01 16:02:26 [restartedMain] - Mapped URL path [/v2/api-docs] onto method [springfox.documentation.swagger2.web.Swagger2ControllerWebMvc#getDocumentation(String, HttpServletRequest)]
2025-03-01 16:02:26 [restartedMain] - Starting ProtocolHandler ["http-nio-8080"]
2025-03-01 16:02:26 [restartedMain] - Tomcat started on port(s): 8080 (http) with context path '/SchoolRoomSys'
2025-03-01 16:02:26 [restartedMain] - Documentation plugins bootstrapped
2025-03-01 16:02:26 [restartedMain] - Found 3 custom documentation plugin(s)
2025-03-01 16:02:26 [restartedMain] - Scanning for api listing references
2025-03-01 16:02:26 [restartedMain] - Scanning for api listing references
2025-03-01 16:02:27 [restartedMain] - Scanning for api listing references
2025-03-01 16:02:27 [restartedMain] - Started SchoolRoomSysApplication in 14.43 seconds (JVM running for 15.311)
2025-03-01 16:10:56 [http-nio-8080-exec-1] - Initializing Spring DispatcherServlet 'dispatcherServlet'
2025-03-01 16:10:56 [http-nio-8080-exec-1] - Initializing Servlet 'dispatcherServlet'
2025-03-01 16:10:56 [http-nio-8080-exec-1] - Detected StandardServletMultipartResolver
2025-03-01 16:10:56 [http-nio-8080-exec-1] - Detected AcceptHeaderLocaleResolver
2025-03-01 16:10:56 [http-nio-8080-exec-1] - Detected FixedThemeResolver
2025-03-01 16:10:56 [http-nio-8080-exec-1] - Detected org.springframework.web.servlet.view.DefaultRequestToViewNameTranslator@4f38ab48
2025-03-01 16:10:56 [http-nio-8080-exec-1] - Detected org.springframework.web.servlet.support.SessionFlashMapManager@2a420aad
2025-03-01 16:10:56 [http-nio-8080-exec-1] - enableLoggingRequestDetails='false': request parameters and headers will be masked to prevent unsafe logging of potentially sensitive data
2025-03-01 16:10:56 [http-nio-8080-exec-1] - Completed initialization in 0 ms
2025-03-01 16:10:56 [http-nio-8080-exec-12] - POST "/SchoolRoomSys/api/login", parameters={}
2025-03-01 16:10:56 [http-nio-8080-exec-12] - Mapped to com.dl.controller.LoginController#login(LoginDTO)
2025-03-01 16:10:56 [http-nio-8080-exec-12] - Read "application/json;charset=UTF-8" to [LoginDTO(userType=1, userId=0000001, password=123456)]
2025-03-01 16:10:56 [http-nio-8080-exec-12] - 用户登录：LoginDTO(userType=1, userId=0000001, password=123456)
2025-03-01 16:10:56 [http-nio-8080-exec-12] - discard long time none received connection. , jdbcUrl : jdbc:mysql://localhost:3306/schoolroomsys?useUnicode=true&characterEncoding=UTF-8&serverTimezone=Asia/Shanghai, version : 1.2.8, lastPacketReceivedIdleMillis : 513659
2025-03-01 16:10:56 [http-nio-8080-exec-12] - discard long time none received connection. , jdbcUrl : jdbc:mysql://localhost:3306/schoolroomsys?useUnicode=true&characterEncoding=UTF-8&serverTimezone=Asia/Shanghai, version : 1.2.8, lastPacketReceivedIdleMillis : 513699
2025-03-01 16:10:56 [http-nio-8080-exec-12] - discard long time none received connection. , jdbcUrl : jdbc:mysql://localhost:3306/schoolroomsys?useUnicode=true&characterEncoding=UTF-8&serverTimezone=Asia/Shanghai, version : 1.2.8, lastPacketReceivedIdleMillis : 513710
2025-03-01 16:10:56 [http-nio-8080-exec-12] - discard long time none received connection. , jdbcUrl : jdbc:mysql://localhost:3306/schoolroomsys?useUnicode=true&characterEncoding=UTF-8&serverTimezone=Asia/Shanghai, version : 1.2.8, lastPacketReceivedIdleMillis : 513726
2025-03-01 16:10:56 [http-nio-8080-exec-12] - ==>  Preparing: SELECT su.*, ti.sex as teacher_sex, ci.college_name FROM school_user su LEFT JOIN teacher_info ti ON su.user_id = ti.teacher_id LEFT JOIN college_info ci ON su.level = ci.college_id WHERE su.user_id = ?
2025-03-01 16:10:56 [http-nio-8080-exec-12] - ==> Parameters: 0000001(String)
2025-03-01 16:10:56 [http-nio-8080-exec-12] - <==      Total: 1
2025-03-01 16:10:56 [http-nio-8080-exec-12] - 用户ID：null，操作：用户登录，类型：LOGIN
2025-03-01 16:10:56 [http-nio-8080-exec-12] - Using 'application/json', given [application/json, text/plain, */*] and supported [application/json, application/*+json]
2025-03-01 16:10:56 [http-nio-8080-exec-12] - Writing [Result(code=0, msg=null, data=LoginVO(userId=0000001, userName=dongliang, name=董梁, userType=1, token (truncated)...]
2025-03-01 16:10:56 [http-nio-8080-exec-12] - Completed 200 OK
2025-03-01 17:51:25 [background-preinit] - HV000001: Hibernate Validator 6.2.5.Final
2025-03-01 17:51:25 [restartedMain] - Starting SchoolRoomSysApplication using Java 1.8.0_144 on DESKTOP-9U7NROF with PID 6396 (D:\code\dl\SchoolRoomSys\target\classes started by 董梁 in D:\code\dl\SchoolRoomSys)
2025-03-01 17:51:25 [restartedMain] - No active profile set, falling back to 1 default profile: "default"
2025-03-01 17:51:25 [restartedMain] - Devtools property defaults active! Set 'spring.devtools.add-properties' to 'false' to disable
2025-03-01 17:51:29 [restartedMain] - Tomcat initialized with port(s): 8080 (http)
2025-03-01 17:51:29 [restartedMain] - Initializing ProtocolHandler ["http-nio-8080"]
2025-03-01 17:51:29 [restartedMain] - Starting service [Tomcat]
2025-03-01 17:51:29 [restartedMain] - Starting Servlet engine: [Apache Tomcat/9.0.69]
2025-03-01 17:51:29 [restartedMain] - Initializing Spring embedded WebApplicationContext
2025-03-01 17:51:29 [restartedMain] - Root WebApplicationContext: initialization completed in 3985 ms
2025-03-01 17:51:29 [restartedMain] - Mapping filters: characterEncodingFilter urls=[/*] order=-2147483648, corsFilter urls=[/*] order=2147483647
2025-03-01 17:51:29 [restartedMain] - Mapping servlets: dispatcherServlet urls=[/]
2025-03-01 17:51:29 [restartedMain] - Filter 'corsFilter' configured for use
2025-03-01 17:51:29 [restartedMain] - Init DruidDataSource
2025-03-01 17:51:33 [restartedMain] - {dataSource-1} inited
2025-03-01 17:51:37 [restartedMain] - 开始注册自定义拦截器
2025-03-01 17:51:37 [restartedMain] - 11 mappings in 'requestMappingHandlerMapping'
2025-03-01 17:51:38 [restartedMain] - 生成school端接口文档
2025-03-01 17:51:38 [restartedMain] - Patterns [/doc.html, /webjars/**] in 'resourceHandlerMapping'
2025-03-01 17:51:38 [restartedMain] - LiveReload server is running on port 35729
2025-03-01 17:51:38 [restartedMain] - ControllerAdvice beans: 0 @ModelAttribute, 0 @InitBinder, 1 RequestBodyAdvice, 1 ResponseBodyAdvice
2025-03-01 17:51:38 [restartedMain] - ControllerAdvice beans: 1 @ExceptionHandler, 1 ResponseBodyAdvice
2025-03-01 17:51:38 [restartedMain] - Mapped URL path [/v2/api-docs] onto method [springfox.documentation.swagger2.web.Swagger2ControllerWebMvc#getDocumentation(String, HttpServletRequest)]
2025-03-01 17:51:39 [restartedMain] - Starting ProtocolHandler ["http-nio-8080"]
2025-03-01 17:51:39 [restartedMain] - Tomcat started on port(s): 8080 (http) with context path '/SchoolRoomSys'
2025-03-01 17:51:39 [restartedMain] - Documentation plugins bootstrapped
2025-03-01 17:51:39 [restartedMain] - Found 3 custom documentation plugin(s)
2025-03-01 17:51:39 [restartedMain] - Scanning for api listing references
2025-03-01 17:51:39 [restartedMain] - Scanning for api listing references
2025-03-01 17:51:39 [restartedMain] - Scanning for api listing references
2025-03-01 17:51:39 [restartedMain] - Started SchoolRoomSysApplication in 15.62 seconds (JVM running for 16.935)
2025-03-01 17:51:55 [http-nio-8080-exec-4] - Initializing Spring DispatcherServlet 'dispatcherServlet'
2025-03-01 17:51:55 [http-nio-8080-exec-4] - Initializing Servlet 'dispatcherServlet'
2025-03-01 17:51:55 [http-nio-8080-exec-4] - Detected StandardServletMultipartResolver
2025-03-01 17:51:55 [http-nio-8080-exec-4] - Detected AcceptHeaderLocaleResolver
2025-03-01 17:51:55 [http-nio-8080-exec-4] - Detected FixedThemeResolver
2025-03-01 17:51:55 [http-nio-8080-exec-4] - Detected org.springframework.web.servlet.view.DefaultRequestToViewNameTranslator@1de11f3a
2025-03-01 17:51:55 [http-nio-8080-exec-4] - Detected org.springframework.web.servlet.support.SessionFlashMapManager@677a4c2d
2025-03-01 17:51:55 [http-nio-8080-exec-4] - enableLoggingRequestDetails='false': request parameters and headers will be masked to prevent unsafe logging of potentially sensitive data
2025-03-01 17:51:55 [http-nio-8080-exec-4] - Completed initialization in 4 ms
2025-03-01 17:51:55 [http-nio-8080-exec-1] - POST "/SchoolRoomSys/api/login", parameters={}
2025-03-01 17:51:55 [http-nio-8080-exec-1] - Mapped to com.dl.controller.LoginController#login(LoginDTO)
2025-03-01 17:51:55 [http-nio-8080-exec-1] - Read "application/json;charset=UTF-8" to [LoginDTO(userType=1, userId=0000001, password=123456)]
2025-03-01 17:51:55 [http-nio-8080-exec-1] - 用户登录：LoginDTO(userType=1, userId=0000001, password=123456)
2025-03-01 17:51:55 [http-nio-8080-exec-1] - ==>  Preparing: SELECT su.*, ti.sex as teacher_sex, ci.college_name FROM school_user su LEFT JOIN teacher_info ti ON su.user_id = ti.teacher_id LEFT JOIN college_info ci ON su.level = ci.college_id WHERE su.user_id = ?
2025-03-01 17:51:55 [http-nio-8080-exec-1] - ==> Parameters: 0000001(String)
2025-03-01 17:51:55 [http-nio-8080-exec-1] - <==      Total: 1
2025-03-01 17:51:55 [http-nio-8080-exec-1] - 用户ID：null，操作：用户登录，类型：LOGIN
2025-03-01 17:51:55 [http-nio-8080-exec-1] - Using 'application/json', given [application/json, text/plain, */*] and supported [application/json, application/*+json]
2025-03-01 17:51:55 [http-nio-8080-exec-1] - Writing [Result(code=0, msg=null, data=LoginVO(userId=0000001, userName=dongliang, name=董梁, userType=1, token (truncated)...]
2025-03-01 17:51:55 [http-nio-8080-exec-1] - Completed 200 OK
