2025-03-05 19:30:56 [background-preinit] - HV000001: Hibernate Validator 6.2.5.Final
2025-03-05 19:30:56 [restartedMain] - Starting SchoolRoomSysApplication using Java 1.8.0_144 on DESKTOP-9U7NROF with PID 1968 (D:\code\dl\SchoolRoomSys\target\classes started by 董梁 in D:\code\dl\SchoolRoomSys)
2025-03-05 19:30:56 [restartedMain] - No active profile set, falling back to 1 default profile: "default"
2025-03-05 19:30:56 [restartedMain] - Devtools property defaults active! Set 'spring.devtools.add-properties' to 'false' to disable
2025-03-05 19:31:04 [restartedMain] - Tomcat initialized with port(s): 8080 (http)
2025-03-05 19:31:04 [restartedMain] - Initializing ProtocolHandler ["http-nio-8080"]
2025-03-05 19:31:04 [restartedMain] - Starting service [Tomcat]
2025-03-05 19:31:04 [restartedMain] - Starting Servlet engine: [Apache Tomcat/9.0.69]
2025-03-05 19:31:04 [restartedMain] - Initializing Spring embedded WebApplicationContext
2025-03-05 19:31:04 [restartedMain] - Root WebApplicationContext: initialization completed in 7885 ms
2025-03-05 19:31:04 [restartedMain] - Mapping filters: characterEncodingFilter urls=[/*] order=-2147483648, corsFilter urls=[/*] order=2147483647
2025-03-05 19:31:04 [restartedMain] - Mapping servlets: dispatcherServlet urls=[/]
2025-03-05 19:31:05 [restartedMain] - Filter 'corsFilter' configured for use
2025-03-05 19:31:05 [restartedMain] - Init DruidDataSource
2025-03-05 19:31:07 [restartedMain] - {dataSource-1} inited
2025-03-05 19:31:11 [restartedMain] - 开始注册自定义拦截器
2025-03-05 19:31:11 [restartedMain] - 11 mappings in 'requestMappingHandlerMapping'
2025-03-05 19:31:11 [restartedMain] - 生成school端接口文档
2025-03-05 19:31:11 [restartedMain] - Patterns [/doc.html, /webjars/**] in 'resourceHandlerMapping'
2025-03-05 19:31:11 [restartedMain] - LiveReload server is running on port 35729
2025-03-05 19:31:11 [restartedMain] - ControllerAdvice beans: 0 @ModelAttribute, 0 @InitBinder, 1 RequestBodyAdvice, 1 ResponseBodyAdvice
2025-03-05 19:31:11 [restartedMain] - ControllerAdvice beans: 1 @ExceptionHandler, 1 ResponseBodyAdvice
2025-03-05 19:31:11 [restartedMain] - Mapped URL path [/v2/api-docs] onto method [springfox.documentation.swagger2.web.Swagger2ControllerWebMvc#getDocumentation(String, HttpServletRequest)]
2025-03-05 19:31:11 [restartedMain] - Starting ProtocolHandler ["http-nio-8080"]
2025-03-05 19:31:11 [restartedMain] - Tomcat started on port(s): 8080 (http) with context path '/SchoolRoomSys'
2025-03-05 19:31:11 [restartedMain] - Documentation plugins bootstrapped
2025-03-05 19:31:11 [restartedMain] - Found 3 custom documentation plugin(s)
2025-03-05 19:31:11 [restartedMain] - Scanning for api listing references
2025-03-05 19:31:11 [restartedMain] - Scanning for api listing references
2025-03-05 19:31:12 [restartedMain] - Scanning for api listing references
2025-03-05 19:31:12 [restartedMain] - Started SchoolRoomSysApplication in 16.824 seconds (JVM running for 18.625)
2025-03-05 19:45:11 [http-nio-8080-exec-1] - Initializing Spring DispatcherServlet 'dispatcherServlet'
2025-03-05 19:45:11 [http-nio-8080-exec-1] - Initializing Servlet 'dispatcherServlet'
2025-03-05 19:45:11 [http-nio-8080-exec-1] - Detected StandardServletMultipartResolver
2025-03-05 19:45:11 [http-nio-8080-exec-1] - Detected AcceptHeaderLocaleResolver
2025-03-05 19:45:11 [http-nio-8080-exec-1] - Detected FixedThemeResolver
2025-03-05 19:45:11 [http-nio-8080-exec-1] - Detected org.springframework.web.servlet.view.DefaultRequestToViewNameTranslator@7895cda2
2025-03-05 19:45:11 [http-nio-8080-exec-1] - Detected org.springframework.web.servlet.support.SessionFlashMapManager@4d62ab74
2025-03-05 19:45:11 [http-nio-8080-exec-1] - enableLoggingRequestDetails='false': request parameters and headers will be masked to prevent unsafe logging of potentially sensitive data
2025-03-05 19:45:11 [http-nio-8080-exec-1] - Completed initialization in 4 ms
2025-03-05 19:45:11 [http-nio-8080-exec-5] - POST "/SchoolRoomSys/api/login", parameters={}
2025-03-05 19:45:11 [http-nio-8080-exec-5] - Mapped to com.dl.controller.LoginController#login(LoginDTO)
2025-03-05 19:45:11 [http-nio-8080-exec-5] - Read "application/json;charset=UTF-8" to [LoginDTO(userType=1, userId=0100001, password=123456)]
2025-03-05 19:45:11 [http-nio-8080-exec-5] - 用户登录：LoginDTO(userType=1, userId=0100001, password=123456)
2025-03-05 19:45:11 [http-nio-8080-exec-5] - discard long time none received connection. , jdbcUrl : jdbc:mysql://localhost:3306/schoolroomsys?useUnicode=true&characterEncoding=UTF-8&serverTimezone=Asia/Shanghai, version : 1.2.8, lastPacketReceivedIdleMillis : 843491
2025-03-05 19:45:11 [http-nio-8080-exec-5] - discard long time none received connection. , jdbcUrl : jdbc:mysql://localhost:3306/schoolroomsys?useUnicode=true&characterEncoding=UTF-8&serverTimezone=Asia/Shanghai, version : 1.2.8, lastPacketReceivedIdleMillis : 843524
2025-03-05 19:45:11 [http-nio-8080-exec-5] - discard long time none received connection. , jdbcUrl : jdbc:mysql://localhost:3306/schoolroomsys?useUnicode=true&characterEncoding=UTF-8&serverTimezone=Asia/Shanghai, version : 1.2.8, lastPacketReceivedIdleMillis : 843543
2025-03-05 19:45:11 [http-nio-8080-exec-5] - discard long time none received connection. , jdbcUrl : jdbc:mysql://localhost:3306/schoolroomsys?useUnicode=true&characterEncoding=UTF-8&serverTimezone=Asia/Shanghai, version : 1.2.8, lastPacketReceivedIdleMillis : 843562
2025-03-05 19:45:11 [http-nio-8080-exec-5] - discard long time none received connection. , jdbcUrl : jdbc:mysql://localhost:3306/schoolroomsys?useUnicode=true&characterEncoding=UTF-8&serverTimezone=Asia/Shanghai, version : 1.2.8, lastPacketReceivedIdleMillis : 843584
2025-03-05 19:45:11 [http-nio-8080-exec-5] - discard long time none received connection. , jdbcUrl : jdbc:mysql://localhost:3306/schoolroomsys?useUnicode=true&characterEncoding=UTF-8&serverTimezone=Asia/Shanghai, version : 1.2.8, lastPacketReceivedIdleMillis : 843607
2025-03-05 19:45:11 [http-nio-8080-exec-5] - discard long time none received connection. , jdbcUrl : jdbc:mysql://localhost:3306/schoolroomsys?useUnicode=true&characterEncoding=UTF-8&serverTimezone=Asia/Shanghai, version : 1.2.8, lastPacketReceivedIdleMillis : 843624
2025-03-05 19:45:11 [http-nio-8080-exec-5] - discard long time none received connection. , jdbcUrl : jdbc:mysql://localhost:3306/schoolroomsys?useUnicode=true&characterEncoding=UTF-8&serverTimezone=Asia/Shanghai, version : 1.2.8, lastPacketReceivedIdleMillis : 843646
2025-03-05 19:45:11 [http-nio-8080-exec-5] - ==>  Preparing: SELECT su.*, ti.sex as teacher_sex, ci.college_name FROM school_user su LEFT JOIN teacher_info ti ON su.user_id = ti.teacher_id LEFT JOIN college_info ci ON su.level = ci.college_id WHERE su.user_id = ?
2025-03-05 19:45:11 [http-nio-8080-exec-5] - ==> Parameters: 0100001(String)
2025-03-05 19:45:11 [http-nio-8080-exec-5] - <==      Total: 1
2025-03-05 19:45:11 [http-nio-8080-exec-5] - 登录失败：非学校管理员账号
2025-03-05 19:45:11 [http-nio-8080-exec-5] - 用户ID：null，操作：用户登录，类型：LOGIN
2025-03-05 19:45:11 [http-nio-8080-exec-5] - Using 'application/json', given [application/json, text/plain, */*] and supported [application/json, application/*+json]
2025-03-05 19:45:11 [http-nio-8080-exec-5] - Writing [Result(code=1, msg=非学校管理员账号, data=null)]
2025-03-05 19:45:11 [http-nio-8080-exec-5] - Completed 200 OK
2025-03-05 19:45:13 [http-nio-8080-exec-2] - POST "/SchoolRoomSys/api/login", parameters={}
2025-03-05 19:45:13 [http-nio-8080-exec-2] - Mapped to com.dl.controller.LoginController#login(LoginDTO)
2025-03-05 19:45:13 [http-nio-8080-exec-2] - Read "application/json;charset=UTF-8" to [LoginDTO(userType=2, userId=0100001, password=123456)]
2025-03-05 19:45:13 [http-nio-8080-exec-2] - 用户登录：LoginDTO(userType=2, userId=0100001, password=123456)
2025-03-05 19:45:13 [http-nio-8080-exec-2] - ==>  Preparing: SELECT su.*, ti.sex as teacher_sex, ci.college_name FROM school_user su LEFT JOIN teacher_info ti ON su.user_id = ti.teacher_id LEFT JOIN college_info ci ON su.level = ci.college_id WHERE su.user_id = ?
2025-03-05 19:45:13 [http-nio-8080-exec-2] - ==> Parameters: 0100001(String)
2025-03-05 19:45:13 [http-nio-8080-exec-2] - <==      Total: 1
2025-03-05 19:45:13 [http-nio-8080-exec-2] - 用户ID：null，操作：用户登录，类型：LOGIN
2025-03-05 19:45:13 [http-nio-8080-exec-2] - Using 'application/json', given [application/json, text/plain, */*] and supported [application/json, application/*+json]
2025-03-05 19:45:13 [http-nio-8080-exec-2] - Writing [Result(code=0, msg=null, data=LoginVO(userId=0100001, userName=dongmengliang, name=dml, userType=2,  (truncated)...]
2025-03-05 19:45:13 [http-nio-8080-exec-2] - Completed 200 OK
2025-03-05 19:48:06 [http-nio-8080-exec-10] - POST "/SchoolRoomSys/api/login", parameters={}
2025-03-05 19:48:06 [http-nio-8080-exec-10] - Mapped to com.dl.controller.LoginController#login(LoginDTO)
2025-03-05 19:48:06 [http-nio-8080-exec-10] - Read "application/json;charset=UTF-8" to [LoginDTO(userType=1, userId=0000001, password=123456)]
2025-03-05 19:48:06 [http-nio-8080-exec-10] - 用户登录：LoginDTO(userType=1, userId=0000001, password=123456)
2025-03-05 19:48:06 [http-nio-8080-exec-10] - discard long time none received connection. , jdbcUrl : jdbc:mysql://localhost:3306/schoolroomsys?useUnicode=true&characterEncoding=UTF-8&serverTimezone=Asia/Shanghai, version : 1.2.8, lastPacketReceivedIdleMillis : 173115
2025-03-05 19:48:06 [http-nio-8080-exec-10] - ==>  Preparing: SELECT su.*, ti.sex as teacher_sex, ci.college_name FROM school_user su LEFT JOIN teacher_info ti ON su.user_id = ti.teacher_id LEFT JOIN college_info ci ON su.level = ci.college_id WHERE su.user_id = ?
2025-03-05 19:48:06 [http-nio-8080-exec-10] - ==> Parameters: 0000001(String)
2025-03-05 19:48:06 [http-nio-8080-exec-10] - <==      Total: 1
2025-03-05 19:48:06 [http-nio-8080-exec-10] - 用户ID：null，操作：用户登录，类型：LOGIN
2025-03-05 19:48:06 [http-nio-8080-exec-10] - Using 'application/json', given [application/json, text/plain, */*] and supported [application/json, application/*+json]
2025-03-05 19:48:06 [http-nio-8080-exec-10] - Writing [Result(code=0, msg=null, data=LoginVO(userId=0000001, userName=dongliang, name=董梁, userType=1, token (truncated)...]
2025-03-05 19:48:06 [http-nio-8080-exec-10] - Completed 200 OK
2025-03-05 19:48:16 [http-nio-8080-exec-17] - POST "/SchoolRoomSys/api/login", parameters={}
2025-03-05 19:48:16 [http-nio-8080-exec-17] - Mapped to com.dl.controller.LoginController#login(LoginDTO)
2025-03-05 19:48:16 [http-nio-8080-exec-17] - Read "application/json;charset=UTF-8" to [LoginDTO(userType=2, userId=0100001, password=123456)]
2025-03-05 19:48:16 [http-nio-8080-exec-17] - 用户登录：LoginDTO(userType=2, userId=0100001, password=123456)
2025-03-05 19:48:16 [http-nio-8080-exec-17] - ==>  Preparing: SELECT su.*, ti.sex as teacher_sex, ci.college_name FROM school_user su LEFT JOIN teacher_info ti ON su.user_id = ti.teacher_id LEFT JOIN college_info ci ON su.level = ci.college_id WHERE su.user_id = ?
2025-03-05 19:48:16 [http-nio-8080-exec-17] - ==> Parameters: 0100001(String)
2025-03-05 19:48:16 [http-nio-8080-exec-17] - <==      Total: 1
2025-03-05 19:48:16 [http-nio-8080-exec-17] - 用户ID：null，操作：用户登录，类型：LOGIN
2025-03-05 19:48:16 [http-nio-8080-exec-17] - Using 'application/json', given [application/json, text/plain, */*] and supported [application/json, application/*+json]
2025-03-05 19:48:16 [http-nio-8080-exec-17] - Writing [Result(code=0, msg=null, data=LoginVO(userId=0100001, userName=dongmengliang, name=dml, userType=2,  (truncated)...]
2025-03-05 19:48:16 [http-nio-8080-exec-17] - Completed 200 OK
2025-03-05 19:56:34 [http-nio-8080-exec-22] - POST "/SchoolRoomSys/api/login", parameters={}
2025-03-05 19:56:34 [http-nio-8080-exec-22] - Mapped to com.dl.controller.LoginController#login(LoginDTO)
2025-03-05 19:56:34 [http-nio-8080-exec-22] - Read "application/json;charset=UTF-8" to [LoginDTO(userType=2, userId=0100001, password=123456)]
2025-03-05 19:56:34 [http-nio-8080-exec-22] - 用户登录：LoginDTO(userType=2, userId=0100001, password=123456)
2025-03-05 19:56:34 [http-nio-8080-exec-22] - discard long time none received connection. , jdbcUrl : jdbc:mysql://localhost:3306/schoolroomsys?useUnicode=true&characterEncoding=UTF-8&serverTimezone=Asia/Shanghai, version : 1.2.8, lastPacketReceivedIdleMillis : 497751
2025-03-05 19:56:34 [http-nio-8080-exec-22] - ==>  Preparing: SELECT su.*, ti.sex as teacher_sex, ci.college_name FROM school_user su LEFT JOIN teacher_info ti ON su.user_id = ti.teacher_id LEFT JOIN college_info ci ON su.level = ci.college_id WHERE su.user_id = ?
2025-03-05 19:56:34 [http-nio-8080-exec-22] - ==> Parameters: 0100001(String)
2025-03-05 19:56:34 [http-nio-8080-exec-22] - <==      Total: 1
2025-03-05 19:56:34 [http-nio-8080-exec-22] - 用户ID：null，操作：用户登录，类型：LOGIN
2025-03-05 19:56:34 [http-nio-8080-exec-22] - Using 'application/json', given [application/json, text/plain, */*] and supported [application/json, application/*+json]
2025-03-05 19:56:34 [http-nio-8080-exec-22] - Writing [Result(code=0, msg=null, data=LoginVO(userId=0100001, userName=dongmengliang, name=董梦梁, userType=2,  (truncated)...]
2025-03-05 19:56:34 [http-nio-8080-exec-22] - Completed 200 OK
2025-03-05 19:57:19 [http-nio-8080-exec-30] - POST "/SchoolRoomSys/api/login", parameters={}
2025-03-05 19:57:19 [http-nio-8080-exec-30] - Mapped to com.dl.controller.LoginController#login(LoginDTO)
2025-03-05 19:57:19 [http-nio-8080-exec-30] - Read "application/json;charset=UTF-8" to [LoginDTO(userType=2, userId=0100001, password=123456)]
2025-03-05 19:57:19 [http-nio-8080-exec-30] - 用户登录：LoginDTO(userType=2, userId=0100001, password=123456)
2025-03-05 19:57:19 [http-nio-8080-exec-30] - ==>  Preparing: SELECT su.*, ti.sex as teacher_sex, ci.college_name FROM school_user su LEFT JOIN teacher_info ti ON su.user_id = ti.teacher_id LEFT JOIN college_info ci ON su.level = ci.college_id WHERE su.user_id = ?
2025-03-05 19:57:19 [http-nio-8080-exec-30] - ==> Parameters: 0100001(String)
2025-03-05 19:57:19 [http-nio-8080-exec-30] - <==      Total: 1
2025-03-05 19:57:19 [http-nio-8080-exec-30] - 用户ID：null，操作：用户登录，类型：LOGIN
2025-03-05 19:57:19 [http-nio-8080-exec-30] - Using 'application/json', given [application/json, text/plain, */*] and supported [application/json, application/*+json]
2025-03-05 19:57:19 [http-nio-8080-exec-30] - Writing [Result(code=0, msg=null, data=LoginVO(userId=0100001, userName=dongmengliang, name=董梦梁, userType=2,  (truncated)...]
2025-03-05 19:57:19 [http-nio-8080-exec-30] - Completed 200 OK
2025-03-05 20:00:33 [http-nio-8080-exec-4] - POST "/SchoolRoomSys/api/login", parameters={}
2025-03-05 20:00:33 [http-nio-8080-exec-4] - Mapped to com.dl.controller.LoginController#login(LoginDTO)
2025-03-05 20:00:33 [http-nio-8080-exec-4] - Read "application/json;charset=UTF-8" to [LoginDTO(userType=2, userId=0100002, password=123456)]
2025-03-05 20:00:33 [http-nio-8080-exec-4] - 用户登录：LoginDTO(userType=2, userId=0100002, password=123456)
2025-03-05 20:00:33 [http-nio-8080-exec-4] - discard long time none received connection. , jdbcUrl : jdbc:mysql://localhost:3306/schoolroomsys?useUnicode=true&characterEncoding=UTF-8&serverTimezone=Asia/Shanghai, version : 1.2.8, lastPacketReceivedIdleMillis : 194618
2025-03-05 20:00:33 [http-nio-8080-exec-4] - ==>  Preparing: SELECT su.*, ti.sex as teacher_sex, ci.college_name FROM school_user su LEFT JOIN teacher_info ti ON su.user_id = ti.teacher_id LEFT JOIN college_info ci ON su.level = ci.college_id WHERE su.user_id = ?
2025-03-05 20:00:33 [http-nio-8080-exec-4] - ==> Parameters: 0100002(String)
2025-03-05 20:00:33 [http-nio-8080-exec-4] - <==      Total: 1
2025-03-05 20:00:34 [http-nio-8080-exec-4] - 用户ID：null，操作：用户登录，类型：LOGIN
2025-03-05 20:00:34 [http-nio-8080-exec-4] - Using 'application/json', given [application/json, text/plain, */*] and supported [application/json, application/*+json]
2025-03-05 20:00:34 [http-nio-8080-exec-4] - Writing [Result(code=0, msg=null, data=LoginVO(userId=0100002, userName=zhangwei, name=张伟, userType=2, token= (truncated)...]
2025-03-05 20:00:34 [http-nio-8080-exec-4] - Completed 200 OK
2025-03-05 20:01:00 [http-nio-8080-exec-24] - POST "/SchoolRoomSys/api/login", parameters={}
2025-03-05 20:01:00 [http-nio-8080-exec-24] - Mapped to com.dl.controller.LoginController#login(LoginDTO)
2025-03-05 20:01:00 [http-nio-8080-exec-24] - Read "application/json;charset=UTF-8" to [LoginDTO(userType=1, userId=0000001, password=123456)]
2025-03-05 20:01:00 [http-nio-8080-exec-24] - 用户登录：LoginDTO(userType=1, userId=0000001, password=123456)
2025-03-05 20:01:00 [http-nio-8080-exec-24] - ==>  Preparing: SELECT su.*, ti.sex as teacher_sex, ci.college_name FROM school_user su LEFT JOIN teacher_info ti ON su.user_id = ti.teacher_id LEFT JOIN college_info ci ON su.level = ci.college_id WHERE su.user_id = ?
2025-03-05 20:01:00 [http-nio-8080-exec-24] - ==> Parameters: 0000001(String)
2025-03-05 20:01:00 [http-nio-8080-exec-24] - <==      Total: 1
2025-03-05 20:01:00 [http-nio-8080-exec-24] - 用户ID：null，操作：用户登录，类型：LOGIN
2025-03-05 20:01:00 [http-nio-8080-exec-24] - Using 'application/json', given [application/json, text/plain, */*] and supported [application/json, application/*+json]
2025-03-05 20:01:00 [http-nio-8080-exec-24] - Writing [Result(code=0, msg=null, data=LoginVO(userId=0000001, userName=dongliang, name=董梁, userType=1, token (truncated)...]
2025-03-05 20:01:00 [http-nio-8080-exec-24] - Completed 200 OK
2025-03-05 20:01:18 [http-nio-8080-exec-19] - POST "/SchoolRoomSys/api/login", parameters={}
2025-03-05 20:01:18 [http-nio-8080-exec-19] - Mapped to com.dl.controller.LoginController#login(LoginDTO)
2025-03-05 20:01:18 [http-nio-8080-exec-19] - Read "application/json;charset=UTF-8" to [LoginDTO(userType=2, userId=0100001, password=123456)]
2025-03-05 20:01:18 [http-nio-8080-exec-19] - 用户登录：LoginDTO(userType=2, userId=0100001, password=123456)
2025-03-05 20:01:18 [http-nio-8080-exec-19] - ==>  Preparing: SELECT su.*, ti.sex as teacher_sex, ci.college_name FROM school_user su LEFT JOIN teacher_info ti ON su.user_id = ti.teacher_id LEFT JOIN college_info ci ON su.level = ci.college_id WHERE su.user_id = ?
2025-03-05 20:01:18 [http-nio-8080-exec-19] - ==> Parameters: 0100001(String)
2025-03-05 20:01:18 [http-nio-8080-exec-19] - <==      Total: 1
2025-03-05 20:01:19 [http-nio-8080-exec-19] - 用户ID：null，操作：用户登录，类型：LOGIN
2025-03-05 20:01:19 [http-nio-8080-exec-19] - Using 'application/json', given [application/json, text/plain, */*] and supported [application/json, application/*+json]
2025-03-05 20:01:19 [http-nio-8080-exec-19] - Writing [Result(code=0, msg=null, data=LoginVO(userId=0100001, userName=dongmengliang, name=董梦梁, userType=2,  (truncated)...]
2025-03-05 20:01:19 [http-nio-8080-exec-19] - Completed 200 OK
