2025-03-04 19:26:31 [background-preinit] - HV000001: Hibernate Validator 6.2.5.Final
2025-03-04 19:26:31 [restartedMain] - Starting SchoolRoomSysApplication using Java 1.8.0_144 on DESKTOP-9U7NROF with PID 12748 (D:\code\dl\SchoolRoomSys\target\classes started by 董梁 in D:\code\dl\SchoolRoomSys)
2025-03-04 19:26:31 [restartedMain] - No active profile set, falling back to 1 default profile: "default"
2025-03-04 19:26:31 [restartedMain] - Devtools property defaults active! Set 'spring.devtools.add-properties' to 'false' to disable
2025-03-04 19:26:36 [restartedMain] - Tomcat initialized with port(s): 8080 (http)
2025-03-04 19:26:36 [restartedMain] - Initializing ProtocolHandler ["http-nio-8080"]
2025-03-04 19:26:36 [restartedMain] - Starting service [Tomcat]
2025-03-04 19:26:36 [restartedMain] - Starting Servlet engine: [Apache Tomcat/9.0.69]
2025-03-04 19:26:36 [restartedMain] - Initializing Spring embedded WebApplicationContext
2025-03-04 19:26:36 [restartedMain] - Root WebApplicationContext: initialization completed in 4445 ms
2025-03-04 19:26:36 [restartedMain] - Mapping filters: characterEncodingFilter urls=[/*] order=-2147483648, corsFilter urls=[/*] order=2147483647
2025-03-04 19:26:36 [restartedMain] - Mapping servlets: dispatcherServlet urls=[/]
2025-03-04 19:26:36 [restartedMain] - Filter 'corsFilter' configured for use
2025-03-04 19:26:36 [restartedMain] - Init DruidDataSource
2025-03-04 19:26:38 [restartedMain] - {dataSource-1} inited
2025-03-04 19:26:44 [restartedMain] - 开始注册自定义拦截器
2025-03-04 19:26:44 [restartedMain] - 11 mappings in 'requestMappingHandlerMapping'
2025-03-04 19:26:44 [restartedMain] - 生成school端接口文档
2025-03-04 19:26:44 [restartedMain] - Patterns [/doc.html, /webjars/**] in 'resourceHandlerMapping'
2025-03-04 19:26:44 [restartedMain] - LiveReload server is running on port 35729
2025-03-04 19:26:44 [restartedMain] - ControllerAdvice beans: 0 @ModelAttribute, 0 @InitBinder, 1 RequestBodyAdvice, 1 ResponseBodyAdvice
2025-03-04 19:26:44 [restartedMain] - ControllerAdvice beans: 1 @ExceptionHandler, 1 ResponseBodyAdvice
2025-03-04 19:26:45 [restartedMain] - Mapped URL path [/v2/api-docs] onto method [springfox.documentation.swagger2.web.Swagger2ControllerWebMvc#getDocumentation(String, HttpServletRequest)]
2025-03-04 19:26:45 [restartedMain] - Starting ProtocolHandler ["http-nio-8080"]
2025-03-04 19:26:45 [restartedMain] - Tomcat started on port(s): 8080 (http) with context path '/SchoolRoomSys'
2025-03-04 19:26:45 [restartedMain] - Documentation plugins bootstrapped
2025-03-04 19:26:45 [restartedMain] - Found 3 custom documentation plugin(s)
2025-03-04 19:26:45 [restartedMain] - Scanning for api listing references
2025-03-04 19:26:45 [restartedMain] - Scanning for api listing references
2025-03-04 19:26:46 [restartedMain] - Scanning for api listing references
2025-03-04 19:26:46 [restartedMain] - Started SchoolRoomSysApplication in 15.544 seconds (JVM running for 16.688)
2025-03-04 20:22:11 [http-nio-8080-exec-4] - Initializing Spring DispatcherServlet 'dispatcherServlet'
2025-03-04 20:22:11 [http-nio-8080-exec-4] - Initializing Servlet 'dispatcherServlet'
2025-03-04 20:22:11 [http-nio-8080-exec-4] - Detected StandardServletMultipartResolver
2025-03-04 20:22:11 [http-nio-8080-exec-4] - Detected AcceptHeaderLocaleResolver
2025-03-04 20:22:11 [http-nio-8080-exec-4] - Detected FixedThemeResolver
2025-03-04 20:22:11 [http-nio-8080-exec-4] - Detected org.springframework.web.servlet.view.DefaultRequestToViewNameTranslator@2cc0b654
2025-03-04 20:22:11 [http-nio-8080-exec-4] - Detected org.springframework.web.servlet.support.SessionFlashMapManager@fbf6ad6
2025-03-04 20:22:11 [http-nio-8080-exec-4] - enableLoggingRequestDetails='false': request parameters and headers will be masked to prevent unsafe logging of potentially sensitive data
2025-03-04 20:22:11 [http-nio-8080-exec-4] - Completed initialization in 16 ms
2025-03-04 20:22:11 [http-nio-8080-exec-3] - POST "/SchoolRoomSys/api/login", parameters={}
2025-03-04 20:22:11 [http-nio-8080-exec-3] - Mapped to com.dl.controller.LoginController#login(LoginDTO)
2025-03-04 20:22:11 [http-nio-8080-exec-3] - Read "application/json;charset=UTF-8" to [LoginDTO(userType=1, userId=0000001, password=123456)]
2025-03-04 20:22:11 [http-nio-8080-exec-3] - 用户登录：LoginDTO(userType=1, userId=0000001, password=123456)
2025-03-04 20:22:11 [http-nio-8080-exec-3] - discard long time none received connection. , jdbcUrl : jdbc:mysql://localhost:3306/schoolroomsys?useUnicode=true&characterEncoding=UTF-8&serverTimezone=Asia/Shanghai, version : 1.2.8, lastPacketReceivedIdleMillis : 3333500
2025-03-04 20:22:11 [http-nio-8080-exec-3] - discard long time none received connection. , jdbcUrl : jdbc:mysql://localhost:3306/schoolroomsys?useUnicode=true&characterEncoding=UTF-8&serverTimezone=Asia/Shanghai, version : 1.2.8, lastPacketReceivedIdleMillis : 3333528
2025-03-04 20:22:11 [http-nio-8080-exec-3] - discard long time none received connection. , jdbcUrl : jdbc:mysql://localhost:3306/schoolroomsys?useUnicode=true&characterEncoding=UTF-8&serverTimezone=Asia/Shanghai, version : 1.2.8, lastPacketReceivedIdleMillis : 3333543
2025-03-04 20:22:11 [http-nio-8080-exec-3] - discard long time none received connection. , jdbcUrl : jdbc:mysql://localhost:3306/schoolroomsys?useUnicode=true&characterEncoding=UTF-8&serverTimezone=Asia/Shanghai, version : 1.2.8, lastPacketReceivedIdleMillis : 3333557
2025-03-04 20:22:11 [http-nio-8080-exec-3] - discard long time none received connection. , jdbcUrl : jdbc:mysql://localhost:3306/schoolroomsys?useUnicode=true&characterEncoding=UTF-8&serverTimezone=Asia/Shanghai, version : 1.2.8, lastPacketReceivedIdleMillis : 3333588
2025-03-04 20:22:11 [http-nio-8080-exec-3] - discard long time none received connection. , jdbcUrl : jdbc:mysql://localhost:3306/schoolroomsys?useUnicode=true&characterEncoding=UTF-8&serverTimezone=Asia/Shanghai, version : 1.2.8, lastPacketReceivedIdleMillis : 3333606
2025-03-04 20:22:11 [http-nio-8080-exec-3] - discard long time none received connection. , jdbcUrl : jdbc:mysql://localhost:3306/schoolroomsys?useUnicode=true&characterEncoding=UTF-8&serverTimezone=Asia/Shanghai, version : 1.2.8, lastPacketReceivedIdleMillis : 3333621
2025-03-04 20:22:11 [http-nio-8080-exec-3] - discard long time none received connection. , jdbcUrl : jdbc:mysql://localhost:3306/schoolroomsys?useUnicode=true&characterEncoding=UTF-8&serverTimezone=Asia/Shanghai, version : 1.2.8, lastPacketReceivedIdleMillis : 3333642
2025-03-04 20:22:11 [http-nio-8080-exec-3] - ==>  Preparing: SELECT su.*, ti.sex as teacher_sex, ci.college_name FROM school_user su LEFT JOIN teacher_info ti ON su.user_id = ti.teacher_id LEFT JOIN college_info ci ON su.level = ci.college_id WHERE su.user_id = ?
2025-03-04 20:22:11 [http-nio-8080-exec-3] - ==> Parameters: 0000001(String)
2025-03-04 20:22:11 [http-nio-8080-exec-3] - <==      Total: 1
2025-03-04 20:22:12 [http-nio-8080-exec-3] - 用户ID：null，操作：用户登录，类型：LOGIN
2025-03-04 20:22:12 [http-nio-8080-exec-3] - Using 'application/json', given [application/json, text/plain, */*] and supported [application/json, application/*+json]
2025-03-04 20:22:12 [http-nio-8080-exec-3] - Writing [Result(code=0, msg=null, data=LoginVO(userId=0000001, userName=dongliang, name=董梁, userType=1, token (truncated)...]
2025-03-04 20:22:12 [http-nio-8080-exec-3] - Completed 200 OK
2025-03-04 22:03:35 [background-preinit] - HV000001: Hibernate Validator 6.2.5.Final
2025-03-04 22:03:35 [restartedMain] - Starting SchoolRoomSysApplication using Java 1.8.0_144 on DESKTOP-9U7NROF with PID 6620 (D:\code\dl\SchoolRoomSys\target\classes started by 董梁 in D:\code\dl\SchoolRoomSys)
2025-03-04 22:03:35 [restartedMain] - No active profile set, falling back to 1 default profile: "default"
2025-03-04 22:03:35 [restartedMain] - Devtools property defaults active! Set 'spring.devtools.add-properties' to 'false' to disable
2025-03-04 22:03:40 [restartedMain] - Tomcat initialized with port(s): 8080 (http)
2025-03-04 22:03:40 [restartedMain] - Initializing ProtocolHandler ["http-nio-8080"]
2025-03-04 22:03:40 [restartedMain] - Starting service [Tomcat]
2025-03-04 22:03:40 [restartedMain] - Starting Servlet engine: [Apache Tomcat/9.0.69]
2025-03-04 22:03:40 [restartedMain] - Initializing Spring embedded WebApplicationContext
2025-03-04 22:03:40 [restartedMain] - Root WebApplicationContext: initialization completed in 5046 ms
2025-03-04 22:03:40 [restartedMain] - Mapping filters: characterEncodingFilter urls=[/*] order=-2147483648, corsFilter urls=[/*] order=2147483647
2025-03-04 22:03:40 [restartedMain] - Mapping servlets: dispatcherServlet urls=[/]
2025-03-04 22:03:40 [restartedMain] - Filter 'corsFilter' configured for use
2025-03-04 22:03:40 [restartedMain] - Init DruidDataSource
2025-03-04 22:03:42 [restartedMain] - {dataSource-1} inited
2025-03-04 22:03:46 [restartedMain] - 开始注册自定义拦截器
2025-03-04 22:03:46 [restartedMain] - 11 mappings in 'requestMappingHandlerMapping'
2025-03-04 22:03:47 [restartedMain] - 生成school端接口文档
2025-03-04 22:03:47 [restartedMain] - Patterns [/doc.html, /webjars/**] in 'resourceHandlerMapping'
2025-03-04 22:03:48 [restartedMain] - LiveReload server is running on port 35729
2025-03-04 22:03:48 [restartedMain] - ControllerAdvice beans: 0 @ModelAttribute, 0 @InitBinder, 1 RequestBodyAdvice, 1 ResponseBodyAdvice
2025-03-04 22:03:48 [restartedMain] - ControllerAdvice beans: 1 @ExceptionHandler, 1 ResponseBodyAdvice
2025-03-04 22:03:49 [restartedMain] - Mapped URL path [/v2/api-docs] onto method [springfox.documentation.swagger2.web.Swagger2ControllerWebMvc#getDocumentation(String, HttpServletRequest)]
2025-03-04 22:03:50 [restartedMain] - Starting ProtocolHandler ["http-nio-8080"]
2025-03-04 22:03:50 [restartedMain] - Tomcat started on port(s): 8080 (http) with context path '/SchoolRoomSys'
2025-03-04 22:03:50 [restartedMain] - Documentation plugins bootstrapped
2025-03-04 22:03:50 [restartedMain] - Found 3 custom documentation plugin(s)
2025-03-04 22:03:50 [restartedMain] - Scanning for api listing references
2025-03-04 22:03:50 [restartedMain] - Scanning for api listing references
2025-03-04 22:03:50 [restartedMain] - Scanning for api listing references
2025-03-04 22:03:51 [restartedMain] - Started SchoolRoomSysApplication in 16.536 seconds (JVM running for 17.438)
