2024-10-29 17:17:50 - Starting SchoolRoomSysApplication using Java 1.8.0_144 on DESKTOP-9U7NROF with PID 25428 (D:\DormitoryManagementSystem\SchoolRoomSys\target\classes started by 董梁 in D:\DormitoryManagementSystem\SchoolRoomSys)
2024-10-29 17:17:50 - No active profile set, falling back to 1 default profile: "default"
2024-10-29 17:17:50 - Devtools property defaults active! Set 'spring.devtools.add-properties' to 'false' to disable
2024-10-29 17:17:50 - For additional web related logging consider setting the 'logging.level.web' property to 'DEBUG'
2024-10-29 17:17:51 - Tomcat initialized with port(s): 8080 (http)
2024-10-29 17:17:51 - Initializing ProtocolHandler ["http-nio-8080"]
2024-10-29 17:17:51 - Starting service [Tomcat]
2024-10-29 17:17:51 - Starting Servlet engine: [Apache Tomcat/9.0.69]
2024-10-29 17:17:51 - Initializing Spring embedded WebApplicationContext
2024-10-29 17:17:51 - Root WebApplicationContext: initialization completed in 1232 ms
2024-10-29 17:17:51 - Init DruidDataSource
2024-10-29 17:17:52 - {dataSource-1} inited
2024-10-29 17:17:53 - 开始注册自定义拦截器
2024-10-29 17:17:53 - 生成school端接口文档
2024-10-29 17:17:53 - LiveReload server is running on port 35729
2024-10-29 17:17:53 - Mapped URL path [/v2/api-docs] onto method [springfox.documentation.swagger2.web.Swagger2ControllerWebMvc#getDocumentation(String, HttpServletRequest)]
2024-10-29 17:17:53 - Starting ProtocolHandler ["http-nio-8080"]
2024-10-29 17:17:53 - Tomcat started on port(s): 8080 (http) with context path '/SchoolRoomSys'
2024-10-29 17:17:53 - Documentation plugins bootstrapped
2024-10-29 17:17:53 - Found 3 custom documentation plugin(s)
2024-10-29 17:17:53 - Scanning for api listing references
2024-10-29 17:17:53 - Scanning for api listing references
2024-10-29 17:17:53 - Scanning for api listing references
2024-10-29 17:17:53 - Started SchoolRoomSysApplication in 4.12 seconds (JVM running for 5.224)
2024-10-29 17:18:26 - Initializing Spring DispatcherServlet 'dispatcherServlet'
2024-10-29 17:18:26 - Initializing Servlet 'dispatcherServlet'
2024-10-29 17:18:26 - Completed initialization in 1 ms
2024-10-29 17:18:27 - 老师端登录:SchoolLoginDTO(userName=dongliang, passWord=123456)
2024-10-29 17:18:27 - ==>  Preparing: SELECT * FROM school_user WHERE user_name = ?
2024-10-29 17:18:27 - ==> Parameters: dongliang(String)
2024-10-29 17:18:27 - <==      Total: 1
2024-10-29 17:18:48 - jwt校验:null
2024-10-29 17:18:48 - JWT解析失败: JWT String argument cannot be null or empty.
java.lang.IllegalArgumentException: JWT String argument cannot be null or empty.
	at io.jsonwebtoken.lang.Assert.hasText(Assert.java:135)
	at io.jsonwebtoken.impl.DefaultJwtParser.parse(DefaultJwtParser.java:479)
	at io.jsonwebtoken.impl.DefaultJwtParser.parseClaimsJws(DefaultJwtParser.java:541)
	at com.dl.utils.JwtUtil.parseJWT(JwtUtil.java:60)
	at com.dl.interceptor.JwtTokenSchoolInterceptor.preHandle(JwtTokenSchoolInterceptor.java:53)
	at org.springframework.web.servlet.HandlerExecutionChain.applyPreHandle(HandlerExecutionChain.java:148)
	at org.springframework.web.servlet.DispatcherServlet.doDispatch(DispatcherServlet.java:1066)
	at org.springframework.web.servlet.DispatcherServlet.doService(DispatcherServlet.java:964)
	at org.springframework.web.servlet.FrameworkServlet.processRequest(FrameworkServlet.java:1006)
	at org.springframework.web.servlet.FrameworkServlet.doGet(FrameworkServlet.java:898)
	at javax.servlet.http.HttpServlet.service(HttpServlet.java:670)
	at org.springframework.web.servlet.FrameworkServlet.service(FrameworkServlet.java:883)
	at javax.servlet.http.HttpServlet.service(HttpServlet.java:779)
	at org.apache.catalina.core.ApplicationFilterChain.internalDoFilter(ApplicationFilterChain.java:227)
	at org.apache.catalina.core.ApplicationFilterChain.doFilter(ApplicationFilterChain.java:162)
	at org.apache.tomcat.websocket.server.WsFilter.doFilter(WsFilter.java:53)
	at org.apache.catalina.core.ApplicationFilterChain.internalDoFilter(ApplicationFilterChain.java:189)
	at org.apache.catalina.core.ApplicationFilterChain.doFilter(ApplicationFilterChain.java:162)
	at org.springframework.web.filter.CharacterEncodingFilter.doFilterInternal(CharacterEncodingFilter.java:201)
	at org.springframework.web.filter.OncePerRequestFilter.doFilter(OncePerRequestFilter.java:117)
	at org.apache.catalina.core.ApplicationFilterChain.internalDoFilter(ApplicationFilterChain.java:189)
	at org.apache.catalina.core.ApplicationFilterChain.doFilter(ApplicationFilterChain.java:162)
	at org.apache.catalina.core.StandardWrapperValve.invoke(StandardWrapperValve.java:177)
	at org.apache.catalina.core.StandardContextValve.invoke(StandardContextValve.java:97)
	at org.apache.catalina.authenticator.AuthenticatorBase.invoke(AuthenticatorBase.java:541)
	at org.apache.catalina.core.StandardHostValve.invoke(StandardHostValve.java:135)
	at org.apache.catalina.valves.ErrorReportValve.invoke(ErrorReportValve.java:92)
	at org.apache.catalina.core.StandardEngineValve.invoke(StandardEngineValve.java:78)
	at org.apache.catalina.connector.CoyoteAdapter.service(CoyoteAdapter.java:360)
	at org.apache.coyote.http11.Http11Processor.service(Http11Processor.java:399)
	at org.apache.coyote.AbstractProcessorLight.process(AbstractProcessorLight.java:65)
	at org.apache.coyote.AbstractProtocol$ConnectionHandler.process(AbstractProtocol.java:891)
	at org.apache.tomcat.util.net.NioEndpoint$SocketProcessor.doRun(NioEndpoint.java:1784)
	at org.apache.tomcat.util.net.SocketProcessorBase.run(SocketProcessorBase.java:49)
	at org.apache.tomcat.util.threads.ThreadPoolExecutor.runWorker(ThreadPoolExecutor.java:1191)
	at org.apache.tomcat.util.threads.ThreadPoolExecutor$Worker.run(ThreadPoolExecutor.java:659)
	at org.apache.tomcat.util.threads.TaskThread$WrappingRunnable.run(TaskThread.java:61)
	at java.lang.Thread.run(Thread.java:748)
2024-10-29 17:19:13 - jwt校验:null
2024-10-29 17:19:13 - JWT解析失败: JWT String argument cannot be null or empty.
java.lang.IllegalArgumentException: JWT String argument cannot be null or empty.
	at io.jsonwebtoken.lang.Assert.hasText(Assert.java:135)
	at io.jsonwebtoken.impl.DefaultJwtParser.parse(DefaultJwtParser.java:479)
	at io.jsonwebtoken.impl.DefaultJwtParser.parseClaimsJws(DefaultJwtParser.java:541)
	at com.dl.utils.JwtUtil.parseJWT(JwtUtil.java:60)
	at com.dl.interceptor.JwtTokenSchoolInterceptor.preHandle(JwtTokenSchoolInterceptor.java:53)
	at org.springframework.web.servlet.HandlerExecutionChain.applyPreHandle(HandlerExecutionChain.java:148)
	at org.springframework.web.servlet.DispatcherServlet.doDispatch(DispatcherServlet.java:1066)
	at org.springframework.web.servlet.DispatcherServlet.doService(DispatcherServlet.java:964)
	at org.springframework.web.servlet.FrameworkServlet.processRequest(FrameworkServlet.java:1006)
	at org.springframework.web.servlet.FrameworkServlet.doGet(FrameworkServlet.java:898)
	at javax.servlet.http.HttpServlet.service(HttpServlet.java:670)
	at org.springframework.web.servlet.FrameworkServlet.service(FrameworkServlet.java:883)
	at javax.servlet.http.HttpServlet.service(HttpServlet.java:779)
	at org.apache.catalina.core.ApplicationFilterChain.internalDoFilter(ApplicationFilterChain.java:227)
	at org.apache.catalina.core.ApplicationFilterChain.doFilter(ApplicationFilterChain.java:162)
	at org.apache.tomcat.websocket.server.WsFilter.doFilter(WsFilter.java:53)
	at org.apache.catalina.core.ApplicationFilterChain.internalDoFilter(ApplicationFilterChain.java:189)
	at org.apache.catalina.core.ApplicationFilterChain.doFilter(ApplicationFilterChain.java:162)
	at org.springframework.web.filter.CharacterEncodingFilter.doFilterInternal(CharacterEncodingFilter.java:201)
	at org.springframework.web.filter.OncePerRequestFilter.doFilter(OncePerRequestFilter.java:117)
	at org.apache.catalina.core.ApplicationFilterChain.internalDoFilter(ApplicationFilterChain.java:189)
	at org.apache.catalina.core.ApplicationFilterChain.doFilter(ApplicationFilterChain.java:162)
	at org.apache.catalina.core.StandardWrapperValve.invoke(StandardWrapperValve.java:177)
	at org.apache.catalina.core.StandardContextValve.invoke(StandardContextValve.java:97)
	at org.apache.catalina.authenticator.AuthenticatorBase.invoke(AuthenticatorBase.java:541)
	at org.apache.catalina.core.StandardHostValve.invoke(StandardHostValve.java:135)
	at org.apache.catalina.valves.ErrorReportValve.invoke(ErrorReportValve.java:92)
	at org.apache.catalina.core.StandardEngineValve.invoke(StandardEngineValve.java:78)
	at org.apache.catalina.connector.CoyoteAdapter.service(CoyoteAdapter.java:360)
	at org.apache.coyote.http11.Http11Processor.service(Http11Processor.java:399)
	at org.apache.coyote.AbstractProcessorLight.process(AbstractProcessorLight.java:65)
	at org.apache.coyote.AbstractProtocol$ConnectionHandler.process(AbstractProtocol.java:891)
	at org.apache.tomcat.util.net.NioEndpoint$SocketProcessor.doRun(NioEndpoint.java:1784)
	at org.apache.tomcat.util.net.SocketProcessorBase.run(SocketProcessorBase.java:49)
	at org.apache.tomcat.util.threads.ThreadPoolExecutor.runWorker(ThreadPoolExecutor.java:1191)
	at org.apache.tomcat.util.threads.ThreadPoolExecutor$Worker.run(ThreadPoolExecutor.java:659)
	at org.apache.tomcat.util.threads.TaskThread$WrappingRunnable.run(TaskThread.java:61)
	at java.lang.Thread.run(Thread.java:748)
2024-10-29 17:19:14 - jwt校验:null
2024-10-29 17:19:14 - JWT解析失败: JWT String argument cannot be null or empty.
java.lang.IllegalArgumentException: JWT String argument cannot be null or empty.
	at io.jsonwebtoken.lang.Assert.hasText(Assert.java:135)
	at io.jsonwebtoken.impl.DefaultJwtParser.parse(DefaultJwtParser.java:479)
	at io.jsonwebtoken.impl.DefaultJwtParser.parseClaimsJws(DefaultJwtParser.java:541)
	at com.dl.utils.JwtUtil.parseJWT(JwtUtil.java:60)
	at com.dl.interceptor.JwtTokenSchoolInterceptor.preHandle(JwtTokenSchoolInterceptor.java:53)
	at org.springframework.web.servlet.HandlerExecutionChain.applyPreHandle(HandlerExecutionChain.java:148)
	at org.springframework.web.servlet.DispatcherServlet.doDispatch(DispatcherServlet.java:1066)
	at org.springframework.web.servlet.DispatcherServlet.doService(DispatcherServlet.java:964)
	at org.springframework.web.servlet.FrameworkServlet.processRequest(FrameworkServlet.java:1006)
	at org.springframework.web.servlet.FrameworkServlet.doGet(FrameworkServlet.java:898)
	at javax.servlet.http.HttpServlet.service(HttpServlet.java:670)
	at org.springframework.web.servlet.FrameworkServlet.service(FrameworkServlet.java:883)
	at javax.servlet.http.HttpServlet.service(HttpServlet.java:779)
	at org.apache.catalina.core.ApplicationFilterChain.internalDoFilter(ApplicationFilterChain.java:227)
	at org.apache.catalina.core.ApplicationFilterChain.doFilter(ApplicationFilterChain.java:162)
	at org.apache.tomcat.websocket.server.WsFilter.doFilter(WsFilter.java:53)
	at org.apache.catalina.core.ApplicationFilterChain.internalDoFilter(ApplicationFilterChain.java:189)
	at org.apache.catalina.core.ApplicationFilterChain.doFilter(ApplicationFilterChain.java:162)
	at org.springframework.web.filter.CharacterEncodingFilter.doFilterInternal(CharacterEncodingFilter.java:201)
	at org.springframework.web.filter.OncePerRequestFilter.doFilter(OncePerRequestFilter.java:117)
	at org.apache.catalina.core.ApplicationFilterChain.internalDoFilter(ApplicationFilterChain.java:189)
	at org.apache.catalina.core.ApplicationFilterChain.doFilter(ApplicationFilterChain.java:162)
	at org.apache.catalina.core.StandardWrapperValve.invoke(StandardWrapperValve.java:177)
	at org.apache.catalina.core.StandardContextValve.invoke(StandardContextValve.java:97)
	at org.apache.catalina.authenticator.AuthenticatorBase.invoke(AuthenticatorBase.java:541)
	at org.apache.catalina.core.StandardHostValve.invoke(StandardHostValve.java:135)
	at org.apache.catalina.valves.ErrorReportValve.invoke(ErrorReportValve.java:92)
	at org.apache.catalina.core.StandardEngineValve.invoke(StandardEngineValve.java:78)
	at org.apache.catalina.connector.CoyoteAdapter.service(CoyoteAdapter.java:360)
	at org.apache.coyote.http11.Http11Processor.service(Http11Processor.java:399)
	at org.apache.coyote.AbstractProcessorLight.process(AbstractProcessorLight.java:65)
	at org.apache.coyote.AbstractProtocol$ConnectionHandler.process(AbstractProtocol.java:891)
	at org.apache.tomcat.util.net.NioEndpoint$SocketProcessor.doRun(NioEndpoint.java:1784)
	at org.apache.tomcat.util.net.SocketProcessorBase.run(SocketProcessorBase.java:49)
	at org.apache.tomcat.util.threads.ThreadPoolExecutor.runWorker(ThreadPoolExecutor.java:1191)
	at org.apache.tomcat.util.threads.ThreadPoolExecutor$Worker.run(ThreadPoolExecutor.java:659)
	at org.apache.tomcat.util.threads.TaskThread$WrappingRunnable.run(TaskThread.java:61)
	at java.lang.Thread.run(Thread.java:748)
2024-10-29 17:19:32 - jwt校验:null
2024-10-29 17:19:32 - JWT解析失败: JWT String argument cannot be null or empty.
java.lang.IllegalArgumentException: JWT String argument cannot be null or empty.
	at io.jsonwebtoken.lang.Assert.hasText(Assert.java:135)
	at io.jsonwebtoken.impl.DefaultJwtParser.parse(DefaultJwtParser.java:479)
	at io.jsonwebtoken.impl.DefaultJwtParser.parseClaimsJws(DefaultJwtParser.java:541)
	at com.dl.utils.JwtUtil.parseJWT(JwtUtil.java:60)
	at com.dl.interceptor.JwtTokenSchoolInterceptor.preHandle(JwtTokenSchoolInterceptor.java:53)
	at org.springframework.web.servlet.HandlerExecutionChain.applyPreHandle(HandlerExecutionChain.java:148)
	at org.springframework.web.servlet.DispatcherServlet.doDispatch(DispatcherServlet.java:1066)
	at org.springframework.web.servlet.DispatcherServlet.doService(DispatcherServlet.java:964)
	at org.springframework.web.servlet.FrameworkServlet.processRequest(FrameworkServlet.java:1006)
	at org.springframework.web.servlet.FrameworkServlet.doGet(FrameworkServlet.java:898)
	at javax.servlet.http.HttpServlet.service(HttpServlet.java:670)
	at org.springframework.web.servlet.FrameworkServlet.service(FrameworkServlet.java:883)
	at javax.servlet.http.HttpServlet.service(HttpServlet.java:779)
	at org.apache.catalina.core.ApplicationFilterChain.internalDoFilter(ApplicationFilterChain.java:227)
	at org.apache.catalina.core.ApplicationFilterChain.doFilter(ApplicationFilterChain.java:162)
	at org.apache.tomcat.websocket.server.WsFilter.doFilter(WsFilter.java:53)
	at org.apache.catalina.core.ApplicationFilterChain.internalDoFilter(ApplicationFilterChain.java:189)
	at org.apache.catalina.core.ApplicationFilterChain.doFilter(ApplicationFilterChain.java:162)
	at org.springframework.web.filter.CharacterEncodingFilter.doFilterInternal(CharacterEncodingFilter.java:201)
	at org.springframework.web.filter.OncePerRequestFilter.doFilter(OncePerRequestFilter.java:117)
	at org.apache.catalina.core.ApplicationFilterChain.internalDoFilter(ApplicationFilterChain.java:189)
	at org.apache.catalina.core.ApplicationFilterChain.doFilter(ApplicationFilterChain.java:162)
	at org.apache.catalina.core.StandardWrapperValve.invoke(StandardWrapperValve.java:177)
	at org.apache.catalina.core.StandardContextValve.invoke(StandardContextValve.java:97)
	at org.apache.catalina.authenticator.AuthenticatorBase.invoke(AuthenticatorBase.java:541)
	at org.apache.catalina.core.StandardHostValve.invoke(StandardHostValve.java:135)
	at org.apache.catalina.valves.ErrorReportValve.invoke(ErrorReportValve.java:92)
	at org.apache.catalina.core.StandardEngineValve.invoke(StandardEngineValve.java:78)
	at org.apache.catalina.connector.CoyoteAdapter.service(CoyoteAdapter.java:360)
	at org.apache.coyote.http11.Http11Processor.service(Http11Processor.java:399)
	at org.apache.coyote.AbstractProcessorLight.process(AbstractProcessorLight.java:65)
	at org.apache.coyote.AbstractProtocol$ConnectionHandler.process(AbstractProtocol.java:891)
	at org.apache.tomcat.util.net.NioEndpoint$SocketProcessor.doRun(NioEndpoint.java:1784)
	at org.apache.tomcat.util.net.SocketProcessorBase.run(SocketProcessorBase.java:49)
	at org.apache.tomcat.util.threads.ThreadPoolExecutor.runWorker(ThreadPoolExecutor.java:1191)
	at org.apache.tomcat.util.threads.ThreadPoolExecutor$Worker.run(ThreadPoolExecutor.java:659)
	at org.apache.tomcat.util.threads.TaskThread$WrappingRunnable.run(TaskThread.java:61)
	at java.lang.Thread.run(Thread.java:748)
2024-10-29 17:19:33 - jwt校验:null
2024-10-29 17:19:33 - JWT解析失败: JWT String argument cannot be null or empty.
java.lang.IllegalArgumentException: JWT String argument cannot be null or empty.
	at io.jsonwebtoken.lang.Assert.hasText(Assert.java:135)
	at io.jsonwebtoken.impl.DefaultJwtParser.parse(DefaultJwtParser.java:479)
	at io.jsonwebtoken.impl.DefaultJwtParser.parseClaimsJws(DefaultJwtParser.java:541)
	at com.dl.utils.JwtUtil.parseJWT(JwtUtil.java:60)
	at com.dl.interceptor.JwtTokenSchoolInterceptor.preHandle(JwtTokenSchoolInterceptor.java:53)
	at org.springframework.web.servlet.HandlerExecutionChain.applyPreHandle(HandlerExecutionChain.java:148)
	at org.springframework.web.servlet.DispatcherServlet.doDispatch(DispatcherServlet.java:1066)
	at org.springframework.web.servlet.DispatcherServlet.doService(DispatcherServlet.java:964)
	at org.springframework.web.servlet.FrameworkServlet.processRequest(FrameworkServlet.java:1006)
	at org.springframework.web.servlet.FrameworkServlet.doGet(FrameworkServlet.java:898)
	at javax.servlet.http.HttpServlet.service(HttpServlet.java:670)
	at org.springframework.web.servlet.FrameworkServlet.service(FrameworkServlet.java:883)
	at javax.servlet.http.HttpServlet.service(HttpServlet.java:779)
	at org.apache.catalina.core.ApplicationFilterChain.internalDoFilter(ApplicationFilterChain.java:227)
	at org.apache.catalina.core.ApplicationFilterChain.doFilter(ApplicationFilterChain.java:162)
	at org.apache.tomcat.websocket.server.WsFilter.doFilter(WsFilter.java:53)
	at org.apache.catalina.core.ApplicationFilterChain.internalDoFilter(ApplicationFilterChain.java:189)
	at org.apache.catalina.core.ApplicationFilterChain.doFilter(ApplicationFilterChain.java:162)
	at org.springframework.web.filter.CharacterEncodingFilter.doFilterInternal(CharacterEncodingFilter.java:201)
	at org.springframework.web.filter.OncePerRequestFilter.doFilter(OncePerRequestFilter.java:117)
	at org.apache.catalina.core.ApplicationFilterChain.internalDoFilter(ApplicationFilterChain.java:189)
	at org.apache.catalina.core.ApplicationFilterChain.doFilter(ApplicationFilterChain.java:162)
	at org.apache.catalina.core.StandardWrapperValve.invoke(StandardWrapperValve.java:177)
	at org.apache.catalina.core.StandardContextValve.invoke(StandardContextValve.java:97)
	at org.apache.catalina.authenticator.AuthenticatorBase.invoke(AuthenticatorBase.java:541)
	at org.apache.catalina.core.StandardHostValve.invoke(StandardHostValve.java:135)
	at org.apache.catalina.valves.ErrorReportValve.invoke(ErrorReportValve.java:92)
	at org.apache.catalina.core.StandardEngineValve.invoke(StandardEngineValve.java:78)
	at org.apache.catalina.connector.CoyoteAdapter.service(CoyoteAdapter.java:360)
	at org.apache.coyote.http11.Http11Processor.service(Http11Processor.java:399)
	at org.apache.coyote.AbstractProcessorLight.process(AbstractProcessorLight.java:65)
	at org.apache.coyote.AbstractProtocol$ConnectionHandler.process(AbstractProtocol.java:891)
	at org.apache.tomcat.util.net.NioEndpoint$SocketProcessor.doRun(NioEndpoint.java:1784)
	at org.apache.tomcat.util.net.SocketProcessorBase.run(SocketProcessorBase.java:49)
	at org.apache.tomcat.util.threads.ThreadPoolExecutor.runWorker(ThreadPoolExecutor.java:1191)
	at org.apache.tomcat.util.threads.ThreadPoolExecutor$Worker.run(ThreadPoolExecutor.java:659)
	at org.apache.tomcat.util.threads.TaskThread$WrappingRunnable.run(TaskThread.java:61)
	at java.lang.Thread.run(Thread.java:748)
2024-10-29 17:21:52 - jwt校验:null
2024-10-29 17:21:52 - JWT解析失败: JWT String argument cannot be null or empty.
java.lang.IllegalArgumentException: JWT String argument cannot be null or empty.
	at io.jsonwebtoken.lang.Assert.hasText(Assert.java:135)
	at io.jsonwebtoken.impl.DefaultJwtParser.parse(DefaultJwtParser.java:479)
	at io.jsonwebtoken.impl.DefaultJwtParser.parseClaimsJws(DefaultJwtParser.java:541)
	at com.dl.utils.JwtUtil.parseJWT(JwtUtil.java:60)
	at com.dl.interceptor.JwtTokenSchoolInterceptor.preHandle(JwtTokenSchoolInterceptor.java:53)
	at org.springframework.web.servlet.HandlerExecutionChain.applyPreHandle(HandlerExecutionChain.java:148)
	at org.springframework.web.servlet.DispatcherServlet.doDispatch(DispatcherServlet.java:1066)
	at org.springframework.web.servlet.DispatcherServlet.doService(DispatcherServlet.java:964)
	at org.springframework.web.servlet.FrameworkServlet.processRequest(FrameworkServlet.java:1006)
	at org.springframework.web.servlet.FrameworkServlet.doGet(FrameworkServlet.java:898)
	at javax.servlet.http.HttpServlet.service(HttpServlet.java:670)
	at org.springframework.web.servlet.FrameworkServlet.service(FrameworkServlet.java:883)
	at javax.servlet.http.HttpServlet.service(HttpServlet.java:779)
	at org.apache.catalina.core.ApplicationFilterChain.internalDoFilter(ApplicationFilterChain.java:227)
	at org.apache.catalina.core.ApplicationFilterChain.doFilter(ApplicationFilterChain.java:162)
	at org.apache.tomcat.websocket.server.WsFilter.doFilter(WsFilter.java:53)
	at org.apache.catalina.core.ApplicationFilterChain.internalDoFilter(ApplicationFilterChain.java:189)
	at org.apache.catalina.core.ApplicationFilterChain.doFilter(ApplicationFilterChain.java:162)
	at org.springframework.web.filter.CharacterEncodingFilter.doFilterInternal(CharacterEncodingFilter.java:201)
	at org.springframework.web.filter.OncePerRequestFilter.doFilter(OncePerRequestFilter.java:117)
	at org.apache.catalina.core.ApplicationFilterChain.internalDoFilter(ApplicationFilterChain.java:189)
	at org.apache.catalina.core.ApplicationFilterChain.doFilter(ApplicationFilterChain.java:162)
	at org.apache.catalina.core.StandardWrapperValve.invoke(StandardWrapperValve.java:177)
	at org.apache.catalina.core.StandardContextValve.invoke(StandardContextValve.java:97)
	at org.apache.catalina.authenticator.AuthenticatorBase.invoke(AuthenticatorBase.java:541)
	at org.apache.catalina.core.StandardHostValve.invoke(StandardHostValve.java:135)
	at org.apache.catalina.valves.ErrorReportValve.invoke(ErrorReportValve.java:92)
	at org.apache.catalina.core.StandardEngineValve.invoke(StandardEngineValve.java:78)
	at org.apache.catalina.connector.CoyoteAdapter.service(CoyoteAdapter.java:360)
	at org.apache.coyote.http11.Http11Processor.service(Http11Processor.java:399)
	at org.apache.coyote.AbstractProcessorLight.process(AbstractProcessorLight.java:65)
	at org.apache.coyote.AbstractProtocol$ConnectionHandler.process(AbstractProtocol.java:891)
	at org.apache.tomcat.util.net.NioEndpoint$SocketProcessor.doRun(NioEndpoint.java:1784)
	at org.apache.tomcat.util.net.SocketProcessorBase.run(SocketProcessorBase.java:49)
	at org.apache.tomcat.util.threads.ThreadPoolExecutor.runWorker(ThreadPoolExecutor.java:1191)
	at org.apache.tomcat.util.threads.ThreadPoolExecutor$Worker.run(ThreadPoolExecutor.java:659)
	at org.apache.tomcat.util.threads.TaskThread$WrappingRunnable.run(TaskThread.java:61)
	at java.lang.Thread.run(Thread.java:748)
2024-10-29 17:21:52 - jwt校验:null
2024-10-29 17:21:52 - JWT解析失败: JWT String argument cannot be null or empty.
java.lang.IllegalArgumentException: JWT String argument cannot be null or empty.
	at io.jsonwebtoken.lang.Assert.hasText(Assert.java:135)
	at io.jsonwebtoken.impl.DefaultJwtParser.parse(DefaultJwtParser.java:479)
	at io.jsonwebtoken.impl.DefaultJwtParser.parseClaimsJws(DefaultJwtParser.java:541)
	at com.dl.utils.JwtUtil.parseJWT(JwtUtil.java:60)
	at com.dl.interceptor.JwtTokenSchoolInterceptor.preHandle(JwtTokenSchoolInterceptor.java:53)
	at org.springframework.web.servlet.HandlerExecutionChain.applyPreHandle(HandlerExecutionChain.java:148)
	at org.springframework.web.servlet.DispatcherServlet.doDispatch(DispatcherServlet.java:1066)
	at org.springframework.web.servlet.DispatcherServlet.doService(DispatcherServlet.java:964)
	at org.springframework.web.servlet.FrameworkServlet.processRequest(FrameworkServlet.java:1006)
	at org.springframework.web.servlet.FrameworkServlet.doGet(FrameworkServlet.java:898)
	at javax.servlet.http.HttpServlet.service(HttpServlet.java:670)
	at org.springframework.web.servlet.FrameworkServlet.service(FrameworkServlet.java:883)
	at javax.servlet.http.HttpServlet.service(HttpServlet.java:779)
	at org.apache.catalina.core.ApplicationFilterChain.internalDoFilter(ApplicationFilterChain.java:227)
	at org.apache.catalina.core.ApplicationFilterChain.doFilter(ApplicationFilterChain.java:162)
	at org.apache.tomcat.websocket.server.WsFilter.doFilter(WsFilter.java:53)
	at org.apache.catalina.core.ApplicationFilterChain.internalDoFilter(ApplicationFilterChain.java:189)
	at org.apache.catalina.core.ApplicationFilterChain.doFilter(ApplicationFilterChain.java:162)
	at org.springframework.web.filter.CharacterEncodingFilter.doFilterInternal(CharacterEncodingFilter.java:201)
	at org.springframework.web.filter.OncePerRequestFilter.doFilter(OncePerRequestFilter.java:117)
	at org.apache.catalina.core.ApplicationFilterChain.internalDoFilter(ApplicationFilterChain.java:189)
	at org.apache.catalina.core.ApplicationFilterChain.doFilter(ApplicationFilterChain.java:162)
	at org.apache.catalina.core.StandardWrapperValve.invoke(StandardWrapperValve.java:177)
	at org.apache.catalina.core.StandardContextValve.invoke(StandardContextValve.java:97)
	at org.apache.catalina.authenticator.AuthenticatorBase.invoke(AuthenticatorBase.java:541)
	at org.apache.catalina.core.StandardHostValve.invoke(StandardHostValve.java:135)
	at org.apache.catalina.valves.ErrorReportValve.invoke(ErrorReportValve.java:92)
	at org.apache.catalina.core.StandardEngineValve.invoke(StandardEngineValve.java:78)
	at org.apache.catalina.connector.CoyoteAdapter.service(CoyoteAdapter.java:360)
	at org.apache.coyote.http11.Http11Processor.service(Http11Processor.java:399)
	at org.apache.coyote.AbstractProcessorLight.process(AbstractProcessorLight.java:65)
	at org.apache.coyote.AbstractProtocol$ConnectionHandler.process(AbstractProtocol.java:891)
	at org.apache.tomcat.util.net.NioEndpoint$SocketProcessor.doRun(NioEndpoint.java:1784)
	at org.apache.tomcat.util.net.SocketProcessorBase.run(SocketProcessorBase.java:49)
	at org.apache.tomcat.util.threads.ThreadPoolExecutor.runWorker(ThreadPoolExecutor.java:1191)
	at org.apache.tomcat.util.threads.ThreadPoolExecutor$Worker.run(ThreadPoolExecutor.java:659)
	at org.apache.tomcat.util.threads.TaskThread$WrappingRunnable.run(TaskThread.java:61)
	at java.lang.Thread.run(Thread.java:748)
2024-10-29 17:21:53 - jwt校验:null
2024-10-29 17:21:53 - JWT解析失败: JWT String argument cannot be null or empty.
java.lang.IllegalArgumentException: JWT String argument cannot be null or empty.
	at io.jsonwebtoken.lang.Assert.hasText(Assert.java:135)
	at io.jsonwebtoken.impl.DefaultJwtParser.parse(DefaultJwtParser.java:479)
	at io.jsonwebtoken.impl.DefaultJwtParser.parseClaimsJws(DefaultJwtParser.java:541)
	at com.dl.utils.JwtUtil.parseJWT(JwtUtil.java:60)
	at com.dl.interceptor.JwtTokenSchoolInterceptor.preHandle(JwtTokenSchoolInterceptor.java:53)
	at org.springframework.web.servlet.HandlerExecutionChain.applyPreHandle(HandlerExecutionChain.java:148)
	at org.springframework.web.servlet.DispatcherServlet.doDispatch(DispatcherServlet.java:1066)
	at org.springframework.web.servlet.DispatcherServlet.doService(DispatcherServlet.java:964)
	at org.springframework.web.servlet.FrameworkServlet.processRequest(FrameworkServlet.java:1006)
	at org.springframework.web.servlet.FrameworkServlet.doGet(FrameworkServlet.java:898)
	at javax.servlet.http.HttpServlet.service(HttpServlet.java:670)
	at org.springframework.web.servlet.FrameworkServlet.service(FrameworkServlet.java:883)
	at javax.servlet.http.HttpServlet.service(HttpServlet.java:779)
	at org.apache.catalina.core.ApplicationFilterChain.internalDoFilter(ApplicationFilterChain.java:227)
	at org.apache.catalina.core.ApplicationFilterChain.doFilter(ApplicationFilterChain.java:162)
	at org.apache.tomcat.websocket.server.WsFilter.doFilter(WsFilter.java:53)
	at org.apache.catalina.core.ApplicationFilterChain.internalDoFilter(ApplicationFilterChain.java:189)
	at org.apache.catalina.core.ApplicationFilterChain.doFilter(ApplicationFilterChain.java:162)
	at org.springframework.web.filter.CharacterEncodingFilter.doFilterInternal(CharacterEncodingFilter.java:201)
	at org.springframework.web.filter.OncePerRequestFilter.doFilter(OncePerRequestFilter.java:117)
	at org.apache.catalina.core.ApplicationFilterChain.internalDoFilter(ApplicationFilterChain.java:189)
	at org.apache.catalina.core.ApplicationFilterChain.doFilter(ApplicationFilterChain.java:162)
	at org.apache.catalina.core.StandardWrapperValve.invoke(StandardWrapperValve.java:177)
	at org.apache.catalina.core.StandardContextValve.invoke(StandardContextValve.java:97)
	at org.apache.catalina.authenticator.AuthenticatorBase.invoke(AuthenticatorBase.java:541)
	at org.apache.catalina.core.StandardHostValve.invoke(StandardHostValve.java:135)
	at org.apache.catalina.valves.ErrorReportValve.invoke(ErrorReportValve.java:92)
	at org.apache.catalina.core.StandardEngineValve.invoke(StandardEngineValve.java:78)
	at org.apache.catalina.connector.CoyoteAdapter.service(CoyoteAdapter.java:360)
	at org.apache.coyote.http11.Http11Processor.service(Http11Processor.java:399)
	at org.apache.coyote.AbstractProcessorLight.process(AbstractProcessorLight.java:65)
	at org.apache.coyote.AbstractProtocol$ConnectionHandler.process(AbstractProtocol.java:891)
	at org.apache.tomcat.util.net.NioEndpoint$SocketProcessor.doRun(NioEndpoint.java:1784)
	at org.apache.tomcat.util.net.SocketProcessorBase.run(SocketProcessorBase.java:49)
	at org.apache.tomcat.util.threads.ThreadPoolExecutor.runWorker(ThreadPoolExecutor.java:1191)
	at org.apache.tomcat.util.threads.ThreadPoolExecutor$Worker.run(ThreadPoolExecutor.java:659)
	at org.apache.tomcat.util.threads.TaskThread$WrappingRunnable.run(TaskThread.java:61)
	at java.lang.Thread.run(Thread.java:748)
2024-10-29 17:22:05 - jwt校验:eyJhbGciOiJIUzI1NiJ9.eyJleHAiOjE3MzAyMDA3MDcsInVzZXJJZCI6MX0.V0UixTJjggvZhch_BkPMIPXqd-eEuvPlfLyqK7o8eCY
2024-10-29 17:22:05 - 当前登录id:1
2024-10-29 17:22:23 - jwt校验:eyJhbGciOiJIUzI1NiJ9.eyJleHAiOjE3MzAyMDA3MDcsInVzZXJJZCI6MX0.V0UixTJjggvZhch_BkPMIPXqd-eEuvPlfLyqK7o8eCY
2024-10-29 17:22:23 - 当前登录id:1
2024-10-29 17:22:23 - start
2024-10-29 17:22:33 - jwt校验:eyJhbGciOiJIUzI1NiJ9.eyJleHAiOjE3MzAyMDA3MDcsInVzZXJJZCI6MX0.V0UixTJjggvZhch_BkPMIPXqd-eEuvPlfLyqK7o8eCY
2024-10-29 17:22:33 - 当前登录id:1
2024-10-29 17:22:33 - 分页查询学生1，1
2024-10-29 17:28:58 - 老师端登录:SchoolLoginDTO(userName=, passWord=)
2024-10-29 17:28:58 - ==>  Preparing: SELECT * FROM school_user WHERE user_name = ?
2024-10-29 17:28:58 - ==> Parameters: (String)
2024-10-29 17:28:58 - <==      Total: 0
2024-10-29 17:29:12 - 老师端登录:SchoolLoginDTO(userName=dongliang, passWord=123456)
2024-10-29 17:29:12 - ==>  Preparing: SELECT * FROM school_user WHERE user_name = ?
2024-10-29 17:29:12 - ==> Parameters: dongliang(String)
2024-10-29 17:29:12 - <==      Total: 1
2024-10-29 17:29:32 - jwt校验:null
2024-10-29 17:29:32 - JWT解析失败: JWT String argument cannot be null or empty.
java.lang.IllegalArgumentException: JWT String argument cannot be null or empty.
	at io.jsonwebtoken.lang.Assert.hasText(Assert.java:135)
	at io.jsonwebtoken.impl.DefaultJwtParser.parse(DefaultJwtParser.java:479)
	at io.jsonwebtoken.impl.DefaultJwtParser.parseClaimsJws(DefaultJwtParser.java:541)
	at com.dl.utils.JwtUtil.parseJWT(JwtUtil.java:60)
	at com.dl.interceptor.JwtTokenSchoolInterceptor.preHandle(JwtTokenSchoolInterceptor.java:53)
	at org.springframework.web.servlet.HandlerExecutionChain.applyPreHandle(HandlerExecutionChain.java:148)
	at org.springframework.web.servlet.DispatcherServlet.doDispatch(DispatcherServlet.java:1066)
	at org.springframework.web.servlet.DispatcherServlet.doService(DispatcherServlet.java:964)
	at org.springframework.web.servlet.FrameworkServlet.processRequest(FrameworkServlet.java:1006)
	at org.springframework.web.servlet.FrameworkServlet.doGet(FrameworkServlet.java:898)
	at javax.servlet.http.HttpServlet.service(HttpServlet.java:670)
	at org.springframework.web.servlet.FrameworkServlet.service(FrameworkServlet.java:883)
	at javax.servlet.http.HttpServlet.service(HttpServlet.java:779)
	at org.apache.catalina.core.ApplicationFilterChain.internalDoFilter(ApplicationFilterChain.java:227)
	at org.apache.catalina.core.ApplicationFilterChain.doFilter(ApplicationFilterChain.java:162)
	at org.apache.tomcat.websocket.server.WsFilter.doFilter(WsFilter.java:53)
	at org.apache.catalina.core.ApplicationFilterChain.internalDoFilter(ApplicationFilterChain.java:189)
	at org.apache.catalina.core.ApplicationFilterChain.doFilter(ApplicationFilterChain.java:162)
	at org.springframework.web.filter.CharacterEncodingFilter.doFilterInternal(CharacterEncodingFilter.java:201)
	at org.springframework.web.filter.OncePerRequestFilter.doFilter(OncePerRequestFilter.java:117)
	at org.apache.catalina.core.ApplicationFilterChain.internalDoFilter(ApplicationFilterChain.java:189)
	at org.apache.catalina.core.ApplicationFilterChain.doFilter(ApplicationFilterChain.java:162)
	at org.apache.catalina.core.StandardWrapperValve.invoke(StandardWrapperValve.java:177)
	at org.apache.catalina.core.StandardContextValve.invoke(StandardContextValve.java:97)
	at org.apache.catalina.authenticator.AuthenticatorBase.invoke(AuthenticatorBase.java:541)
	at org.apache.catalina.core.StandardHostValve.invoke(StandardHostValve.java:135)
	at org.apache.catalina.valves.ErrorReportValve.invoke(ErrorReportValve.java:92)
	at org.apache.catalina.core.StandardEngineValve.invoke(StandardEngineValve.java:78)
	at org.apache.catalina.connector.CoyoteAdapter.service(CoyoteAdapter.java:360)
	at org.apache.coyote.http11.Http11Processor.service(Http11Processor.java:399)
	at org.apache.coyote.AbstractProcessorLight.process(AbstractProcessorLight.java:65)
	at org.apache.coyote.AbstractProtocol$ConnectionHandler.process(AbstractProtocol.java:891)
	at org.apache.tomcat.util.net.NioEndpoint$SocketProcessor.doRun(NioEndpoint.java:1784)
	at org.apache.tomcat.util.net.SocketProcessorBase.run(SocketProcessorBase.java:49)
	at org.apache.tomcat.util.threads.ThreadPoolExecutor.runWorker(ThreadPoolExecutor.java:1191)
	at org.apache.tomcat.util.threads.ThreadPoolExecutor$Worker.run(ThreadPoolExecutor.java:659)
	at org.apache.tomcat.util.threads.TaskThread$WrappingRunnable.run(TaskThread.java:61)
	at java.lang.Thread.run(Thread.java:748)
2024-10-29 17:29:56 - jwt校验:eyJhbGciOiJIUzI1NiJ9.eyJleHAiOjE3MzAyMDEzNTIsInVzZXJJZCI6MX0.IALkW9GiooY39ZS1VL7gfezAiqPujJKSjG7m7Fhfg8Y
2024-10-29 17:29:56 - 当前登录id:1
2024-10-29 17:29:56 - start
2024-10-29 17:30:04 - {dataSource-1} closed
2024-10-29 22:59:52 - Starting SchoolRoomSysApplication using Java 1.8.0_144 on DESKTOP-9U7NROF with PID 20636 (D:\DormitoryManagementSystem\SchoolRoomSys\target\classes started by 董梁 in D:\DormitoryManagementSystem\SchoolRoomSys)
2024-10-29 22:59:52 - No active profile set, falling back to 1 default profile: "default"
2024-10-29 22:59:52 - Devtools property defaults active! Set 'spring.devtools.add-properties' to 'false' to disable
2024-10-29 22:59:52 - For additional web related logging consider setting the 'logging.level.web' property to 'DEBUG'
2024-10-29 22:59:53 - Tomcat initialized with port(s): 8080 (http)
2024-10-29 22:59:53 - Initializing ProtocolHandler ["http-nio-8080"]
2024-10-29 22:59:53 - Starting service [Tomcat]
2024-10-29 22:59:53 - Starting Servlet engine: [Apache Tomcat/9.0.69]
2024-10-29 22:59:54 - Initializing Spring embedded WebApplicationContext
2024-10-29 22:59:54 - Root WebApplicationContext: initialization completed in 1531 ms
2024-10-29 22:59:54 - Init DruidDataSource
2024-10-29 22:59:55 - {dataSource-1} inited
2024-10-29 22:59:56 - 生成school端接口文档
2024-10-29 22:59:56 - LiveReload server is running on port 35729
2024-10-29 22:59:56 - Mapped URL path [/v2/api-docs] onto method [springfox.documentation.swagger2.web.Swagger2ControllerWebMvc#getDocumentation(String, HttpServletRequest)]
2024-10-29 22:59:56 - Starting ProtocolHandler ["http-nio-8080"]
2024-10-29 22:59:56 - Tomcat started on port(s): 8080 (http) with context path '/SchoolRoomSys'
2024-10-29 22:59:56 - Documentation plugins bootstrapped
2024-10-29 22:59:56 - Found 3 custom documentation plugin(s)
2024-10-29 22:59:56 - Scanning for api listing references
2024-10-29 22:59:56 - Scanning for api listing references
2024-10-29 22:59:56 - Scanning for api listing references
2024-10-29 22:59:57 - Started SchoolRoomSysApplication in 4.912 seconds (JVM running for 6.089)
2024-10-29 23:00:31 - Initializing Spring DispatcherServlet 'dispatcherServlet'
2024-10-29 23:00:31 - Initializing Servlet 'dispatcherServlet'
2024-10-29 23:00:31 - Completed initialization in 1 ms
2024-10-29 23:00:31 - 老师端登录:SchoolLoginDTO(userName=null, passWord=null)
2024-10-29 23:00:32 - ==>  Preparing: SELECT * FROM school_user WHERE user_name = ?
2024-10-29 23:00:32 - ==> Parameters: null
2024-10-29 23:00:32 - <==      Total: 0
2024-10-29 23:01:00 - 老师端登录:SchoolLoginDTO(userName=null, passWord=null)
2024-10-29 23:01:00 - ==>  Preparing: SELECT * FROM school_user WHERE user_name = ?
2024-10-29 23:01:00 - ==> Parameters: null
2024-10-29 23:01:00 - <==      Total: 0
2024-10-29 23:01:09 - 老师端登录:SchoolLoginDTO(userName=null, passWord=null)
2024-10-29 23:01:09 - ==>  Preparing: SELECT * FROM school_user WHERE user_name = ?
2024-10-29 23:01:09 - ==> Parameters: null
2024-10-29 23:01:09 - <==      Total: 0
2024-10-29 23:01:30 - Restarting due to 1 class path change (0 additions, 0 deletions, 1 modification)
2024-10-29 23:01:30 - Pausing ProtocolHandler ["http-nio-8080"]
2024-10-29 23:01:30 - Stopping service [Tomcat]
2024-10-29 23:01:30 - Destroying Spring FrameworkServlet 'dispatcherServlet'
2024-10-29 23:01:30 - Stopping ProtocolHandler ["http-nio-8080"]
2024-10-29 23:01:30 - Destroying ProtocolHandler ["http-nio-8080"]
2024-10-29 23:01:30 - {dataSource-1} closed
2024-10-29 23:01:30 - Starting SchoolRoomSysApplication using Java 1.8.0_144 on DESKTOP-9U7NROF with PID 20636 (D:\DormitoryManagementSystem\SchoolRoomSys\target\classes started by 董梁 in D:\DormitoryManagementSystem\SchoolRoomSys)
2024-10-29 23:01:30 - No active profile set, falling back to 1 default profile: "default"
2024-10-29 23:01:31 - Tomcat initialized with port(s): 8080 (http)
2024-10-29 23:01:31 - Initializing ProtocolHandler ["http-nio-8080"]
2024-10-29 23:01:31 - Starting service [Tomcat]
2024-10-29 23:01:31 - Starting Servlet engine: [Apache Tomcat/9.0.69]
2024-10-29 23:01:31 - Initializing Spring embedded WebApplicationContext
2024-10-29 23:01:31 - Root WebApplicationContext: initialization completed in 338 ms
2024-10-29 23:01:31 - Init DruidDataSource
2024-10-29 23:01:31 - {dataSource-2} inited
2024-10-29 23:01:31 - 生成school端接口文档
2024-10-29 23:01:31 - LiveReload server is running on port 35729
2024-10-29 23:01:31 - Mapped URL path [/v2/api-docs] onto method [springfox.documentation.swagger2.web.Swagger2ControllerWebMvc#getDocumentation(String, HttpServletRequest)]
2024-10-29 23:01:31 - Starting ProtocolHandler ["http-nio-8080"]
2024-10-29 23:01:31 - Tomcat started on port(s): 8080 (http) with context path '/SchoolRoomSys'
2024-10-29 23:01:31 - Documentation plugins bootstrapped
2024-10-29 23:01:31 - Found 3 custom documentation plugin(s)
2024-10-29 23:01:31 - Scanning for api listing references
2024-10-29 23:01:31 - Scanning for api listing references
2024-10-29 23:01:31 - Scanning for api listing references
2024-10-29 23:01:31 - Started SchoolRoomSysApplication in 1.163 seconds (JVM running for 100.94)
2024-10-29 23:01:31 - Condition evaluation unchanged
2024-10-29 23:01:48 - Initializing Spring DispatcherServlet 'dispatcherServlet'
2024-10-29 23:01:48 - Initializing Servlet 'dispatcherServlet'
2024-10-29 23:01:48 - Completed initialization in 1 ms
2024-10-29 23:01:48 - 老师端登录:SchoolLoginDTO(userName=null, passWord=null)
2024-10-29 23:02:51 - {dataSource-2} closed
2024-10-29 23:03:00 - Starting SchoolRoomSysApplication using Java 1.8.0_144 on DESKTOP-9U7NROF with PID 21196 (D:\DormitoryManagementSystem\SchoolRoomSys\target\classes started by 董梁 in D:\DormitoryManagementSystem\SchoolRoomSys)
2024-10-29 23:03:00 - No active profile set, falling back to 1 default profile: "default"
2024-10-29 23:03:00 - Devtools property defaults active! Set 'spring.devtools.add-properties' to 'false' to disable
2024-10-29 23:03:00 - For additional web related logging consider setting the 'logging.level.web' property to 'DEBUG'
2024-10-29 23:03:01 - Tomcat initialized with port(s): 8080 (http)
2024-10-29 23:03:01 - Initializing ProtocolHandler ["http-nio-8080"]
2024-10-29 23:03:01 - Starting service [Tomcat]
2024-10-29 23:03:01 - Starting Servlet engine: [Apache Tomcat/9.0.69]
2024-10-29 23:03:01 - Initializing Spring embedded WebApplicationContext
2024-10-29 23:03:01 - Root WebApplicationContext: initialization completed in 1012 ms
2024-10-29 23:03:01 - Init DruidDataSource
2024-10-29 23:03:02 - {dataSource-1} inited
2024-10-29 23:03:03 - 生成school端接口文档
2024-10-29 23:03:03 - LiveReload server is running on port 35729
2024-10-29 23:03:03 - Mapped URL path [/v2/api-docs] onto method [springfox.documentation.swagger2.web.Swagger2ControllerWebMvc#getDocumentation(String, HttpServletRequest)]
2024-10-29 23:03:03 - Starting ProtocolHandler ["http-nio-8080"]
2024-10-29 23:03:03 - Tomcat started on port(s): 8080 (http) with context path '/SchoolRoomSys'
2024-10-29 23:03:03 - Documentation plugins bootstrapped
2024-10-29 23:03:03 - Found 3 custom documentation plugin(s)
2024-10-29 23:03:03 - Scanning for api listing references
2024-10-29 23:03:03 - Scanning for api listing references
2024-10-29 23:03:03 - Scanning for api listing references
2024-10-29 23:03:03 - Started SchoolRoomSysApplication in 3.719 seconds (JVM running for 4.758)
2024-10-29 23:03:08 - Initializing Spring DispatcherServlet 'dispatcherServlet'
2024-10-29 23:03:08 - Initializing Servlet 'dispatcherServlet'
2024-10-29 23:03:08 - Completed initialization in 1 ms
2024-10-29 23:03:08 - 老师端登录:SchoolLoginDTO(userName=dongliang, passWord=123456)
2024-10-29 23:03:08 - ==>  Preparing: SELECT * FROM school_user WHERE user_name = ?
2024-10-29 23:03:08 - ==> Parameters: dongliang(String)
2024-10-29 23:03:08 - <==      Total: 1
2024-10-29 23:03:17 - 老师端登录:SchoolLoginDTO(userName=dongliang, passWord=123456)
2024-10-29 23:03:17 - ==>  Preparing: SELECT * FROM school_user WHERE user_name = ?
2024-10-29 23:03:17 - ==> Parameters: dongliang(String)
2024-10-29 23:03:17 - <==      Total: 1
2024-10-29 23:08:09 - 分页查询学生1，1
2024-10-29 23:12:59 - Restarting due to 7 class path changes (7 additions, 0 deletions, 0 modifications)
2024-10-29 23:12:59 - Pausing ProtocolHandler ["http-nio-8080"]
2024-10-29 23:12:59 - Stopping service [Tomcat]
2024-10-29 23:12:59 - Destroying Spring FrameworkServlet 'dispatcherServlet'
2024-10-29 23:12:59 - Stopping ProtocolHandler ["http-nio-8080"]
2024-10-29 23:12:59 - Destroying ProtocolHandler ["http-nio-8080"]
2024-10-29 23:12:59 - {dataSource-1} closed
2024-10-29 23:13:00 - Starting SchoolRoomSysApplication using Java 1.8.0_144 on DESKTOP-9U7NROF with PID 21196 (D:\DormitoryManagementSystem\SchoolRoomSys\target\classes started by 董梁 in D:\DormitoryManagementSystem\SchoolRoomSys)
2024-10-29 23:13:00 - No active profile set, falling back to 1 default profile: "default"
2024-10-29 23:13:00 - Tomcat initialized with port(s): 8080 (http)
2024-10-29 23:13:00 - Initializing ProtocolHandler ["http-nio-8080"]
2024-10-29 23:13:00 - Starting service [Tomcat]
2024-10-29 23:13:00 - Starting Servlet engine: [Apache Tomcat/9.0.69]
2024-10-29 23:13:00 - Initializing Spring embedded WebApplicationContext
2024-10-29 23:13:00 - Root WebApplicationContext: initialization completed in 561 ms
2024-10-29 23:13:00 - Init DruidDataSource
2024-10-29 23:13:00 - {dataSource-2} inited
2024-10-29 23:13:01 - 生成school端接口文档
2024-10-29 23:13:01 - LiveReload server is running on port 35729
2024-10-29 23:13:01 - Mapped URL path [/v2/api-docs] onto method [springfox.documentation.swagger2.web.Swagger2ControllerWebMvc#getDocumentation(String, HttpServletRequest)]
2024-10-29 23:13:01 - Starting ProtocolHandler ["http-nio-8080"]
2024-10-29 23:13:01 - Tomcat started on port(s): 8080 (http) with context path '/SchoolRoomSys'
2024-10-29 23:13:01 - Documentation plugins bootstrapped
2024-10-29 23:13:01 - Found 3 custom documentation plugin(s)
2024-10-29 23:13:01 - Scanning for api listing references
2024-10-29 23:13:01 - Scanning for api listing references
2024-10-29 23:13:01 - Scanning for api listing references
2024-10-29 23:13:01 - Started SchoolRoomSysApplication in 1.426 seconds (JVM running for 602.656)
2024-10-29 23:13:01 - Condition evaluation unchanged
2024-10-29 23:14:05 - Restarting due to 1 class path change (0 additions, 1 deletion, 0 modifications)
2024-10-29 23:14:05 - Pausing ProtocolHandler ["http-nio-8080"]
2024-10-29 23:14:05 - Stopping service [Tomcat]
2024-10-29 23:14:05 - Stopping ProtocolHandler ["http-nio-8080"]
2024-10-29 23:14:05 - Destroying ProtocolHandler ["http-nio-8080"]
2024-10-29 23:14:05 - {dataSource-2} closed
2024-10-29 23:14:05 - Starting SchoolRoomSysApplication using Java 1.8.0_144 on DESKTOP-9U7NROF with PID 21196 (D:\DormitoryManagementSystem\SchoolRoomSys\target\classes started by 董梁 in D:\DormitoryManagementSystem\SchoolRoomSys)
2024-10-29 23:14:05 - No active profile set, falling back to 1 default profile: "default"
2024-10-29 23:14:06 - Tomcat initialized with port(s): 8080 (http)
2024-10-29 23:14:06 - Initializing ProtocolHandler ["http-nio-8080"]
2024-10-29 23:14:06 - Starting service [Tomcat]
2024-10-29 23:14:06 - Starting Servlet engine: [Apache Tomcat/9.0.69]
2024-10-29 23:14:06 - Initializing Spring embedded WebApplicationContext
2024-10-29 23:14:06 - Root WebApplicationContext: initialization completed in 292 ms
2024-10-29 23:14:06 - Init DruidDataSource
2024-10-29 23:14:06 - {dataSource-3} inited
2024-10-29 23:14:06 - 生成school端接口文档
2024-10-29 23:14:06 - LiveReload server is running on port 35729
2024-10-29 23:14:06 - Mapped URL path [/v2/api-docs] onto method [springfox.documentation.swagger2.web.Swagger2ControllerWebMvc#getDocumentation(String, HttpServletRequest)]
2024-10-29 23:14:07 - Starting ProtocolHandler ["http-nio-8080"]
2024-10-29 23:14:07 - Tomcat started on port(s): 8080 (http) with context path '/SchoolRoomSys'
2024-10-29 23:14:07 - Documentation plugins bootstrapped
2024-10-29 23:14:07 - Found 3 custom documentation plugin(s)
2024-10-29 23:14:07 - Scanning for api listing references
2024-10-29 23:14:07 - Scanning for api listing references
2024-10-29 23:14:07 - Scanning for api listing references
2024-10-29 23:14:07 - Started SchoolRoomSysApplication in 1.118 seconds (JVM running for 668.118)
2024-10-29 23:14:07 - Condition evaluation unchanged
2024-10-29 23:14:22 - Restarting due to 8 class path changes (0 additions, 8 deletions, 0 modifications)
2024-10-29 23:14:23 - Pausing ProtocolHandler ["http-nio-8080"]
2024-10-29 23:14:23 - Stopping service [Tomcat]
2024-10-29 23:14:23 - Stopping ProtocolHandler ["http-nio-8080"]
2024-10-29 23:14:23 - Destroying ProtocolHandler ["http-nio-8080"]
2024-10-29 23:14:23 - {dataSource-3} closed
2024-10-29 23:14:23 - Starting SchoolRoomSysApplication using Java 1.8.0_144 on DESKTOP-9U7NROF with PID 21196 (D:\DormitoryManagementSystem\SchoolRoomSys\target\classes started by 董梁 in D:\DormitoryManagementSystem\SchoolRoomSys)
2024-10-29 23:14:23 - No active profile set, falling back to 1 default profile: "default"
2024-10-29 23:14:23 - Tomcat initialized with port(s): 8080 (http)
2024-10-29 23:14:23 - Initializing ProtocolHandler ["http-nio-8080"]
2024-10-29 23:14:23 - Starting service [Tomcat]
2024-10-29 23:14:23 - Starting Servlet engine: [Apache Tomcat/9.0.69]
2024-10-29 23:14:23 - Initializing Spring embedded WebApplicationContext
2024-10-29 23:14:23 - Root WebApplicationContext: initialization completed in 281 ms
2024-10-29 23:14:23 - Init DruidDataSource
2024-10-29 23:14:23 - {dataSource-4} inited
2024-10-29 23:14:24 - 生成school端接口文档
2024-10-29 23:14:24 - LiveReload server is running on port 35729
2024-10-29 23:14:24 - Mapped URL path [/v2/api-docs] onto method [springfox.documentation.swagger2.web.Swagger2ControllerWebMvc#getDocumentation(String, HttpServletRequest)]
2024-10-29 23:14:24 - Starting ProtocolHandler ["http-nio-8080"]
2024-10-29 23:14:24 - Tomcat started on port(s): 8080 (http) with context path '/SchoolRoomSys'
2024-10-29 23:14:24 - Documentation plugins bootstrapped
2024-10-29 23:14:24 - Found 3 custom documentation plugin(s)
2024-10-29 23:14:24 - Scanning for api listing references
2024-10-29 23:14:24 - Scanning for api listing references
2024-10-29 23:14:24 - Scanning for api listing references
2024-10-29 23:14:24 - Started SchoolRoomSysApplication in 1.085 seconds (JVM running for 685.545)
2024-10-29 23:14:24 - Condition evaluation unchanged
2024-10-29 23:14:35 - Restarting due to 9 class path changes (9 additions, 0 deletions, 0 modifications)
2024-10-29 23:14:35 - Pausing ProtocolHandler ["http-nio-8080"]
2024-10-29 23:14:35 - Stopping service [Tomcat]
2024-10-29 23:14:35 - Stopping ProtocolHandler ["http-nio-8080"]
2024-10-29 23:14:35 - Destroying ProtocolHandler ["http-nio-8080"]
2024-10-29 23:14:35 - {dataSource-4} closed
2024-10-29 23:14:35 - Starting SchoolRoomSysApplication using Java 1.8.0_144 on DESKTOP-9U7NROF with PID 21196 (D:\DormitoryManagementSystem\SchoolRoomSys\target\classes started by 董梁 in D:\DormitoryManagementSystem\SchoolRoomSys)
2024-10-29 23:14:35 - No active profile set, falling back to 1 default profile: "default"
2024-10-29 23:14:36 - Tomcat initialized with port(s): 8080 (http)
2024-10-29 23:14:36 - Initializing ProtocolHandler ["http-nio-8080"]
2024-10-29 23:14:36 - Starting service [Tomcat]
2024-10-29 23:14:36 - Starting Servlet engine: [Apache Tomcat/9.0.69]
2024-10-29 23:14:36 - Initializing Spring embedded WebApplicationContext
2024-10-29 23:14:36 - Root WebApplicationContext: initialization completed in 576 ms
2024-10-29 23:14:36 - Init DruidDataSource
2024-10-29 23:14:36 - {dataSource-5} inited
2024-10-29 23:14:37 - 生成school端接口文档
2024-10-29 23:14:37 - LiveReload server is running on port 35729
2024-10-29 23:14:37 - Mapped URL path [/v2/api-docs] onto method [springfox.documentation.swagger2.web.Swagger2ControllerWebMvc#getDocumentation(String, HttpServletRequest)]
2024-10-29 23:14:37 - Starting ProtocolHandler ["http-nio-8080"]
2024-10-29 23:14:37 - Tomcat started on port(s): 8080 (http) with context path '/SchoolRoomSys'
2024-10-29 23:14:37 - Documentation plugins bootstrapped
2024-10-29 23:14:37 - Found 3 custom documentation plugin(s)
2024-10-29 23:14:37 - Scanning for api listing references
2024-10-29 23:14:37 - Scanning for api listing references
2024-10-29 23:14:37 - Scanning for api listing references
2024-10-29 23:14:37 - Started SchoolRoomSysApplication in 1.475 seconds (JVM running for 698.41)
2024-10-29 23:14:37 - Condition evaluation unchanged
2024-10-29 23:15:19 - Restarting due to 6 class path changes (0 additions, 0 deletions, 6 modifications)
2024-10-29 23:15:20 - Pausing ProtocolHandler ["http-nio-8080"]
2024-10-29 23:15:20 - Stopping service [Tomcat]
2024-10-29 23:15:20 - Stopping ProtocolHandler ["http-nio-8080"]
2024-10-29 23:15:20 - Destroying ProtocolHandler ["http-nio-8080"]
2024-10-29 23:15:20 - {dataSource-5} closed
2024-10-29 23:15:20 - Starting SchoolRoomSysApplication using Java 1.8.0_144 on DESKTOP-9U7NROF with PID 21196 (D:\DormitoryManagementSystem\SchoolRoomSys\target\classes started by 董梁 in D:\DormitoryManagementSystem\SchoolRoomSys)
2024-10-29 23:15:20 - No active profile set, falling back to 1 default profile: "default"
2024-10-29 23:15:20 - Tomcat initialized with port(s): 8080 (http)
2024-10-29 23:15:20 - Initializing ProtocolHandler ["http-nio-8080"]
2024-10-29 23:15:20 - Starting service [Tomcat]
2024-10-29 23:15:20 - Starting Servlet engine: [Apache Tomcat/9.0.69]
2024-10-29 23:15:20 - Initializing Spring embedded WebApplicationContext
2024-10-29 23:15:20 - Root WebApplicationContext: initialization completed in 263 ms
2024-10-29 23:15:20 - Init DruidDataSource
2024-10-29 23:15:20 - {dataSource-6} inited
2024-10-29 23:15:20 - 生成school端接口文档
2024-10-29 23:15:21 - LiveReload server is running on port 35729
2024-10-29 23:15:21 - Mapped URL path [/v2/api-docs] onto method [springfox.documentation.swagger2.web.Swagger2ControllerWebMvc#getDocumentation(String, HttpServletRequest)]
2024-10-29 23:15:21 - Starting ProtocolHandler ["http-nio-8080"]
2024-10-29 23:15:21 - Tomcat started on port(s): 8080 (http) with context path '/SchoolRoomSys'
2024-10-29 23:15:21 - Documentation plugins bootstrapped
2024-10-29 23:15:21 - Found 3 custom documentation plugin(s)
2024-10-29 23:15:21 - Scanning for api listing references
2024-10-29 23:15:21 - Scanning for api listing references
2024-10-29 23:15:21 - Scanning for api listing references
2024-10-29 23:15:21 - Started SchoolRoomSysApplication in 1.014 seconds (JVM running for 742.135)
2024-10-29 23:15:21 - Condition evaluation unchanged
2024-10-29 23:37:50 - Restarting due to 1 class path change (0 additions, 0 deletions, 1 modification)
2024-10-29 23:37:51 - Pausing ProtocolHandler ["http-nio-8080"]
2024-10-29 23:37:51 - Stopping service [Tomcat]
2024-10-29 23:37:51 - Stopping ProtocolHandler ["http-nio-8080"]
2024-10-29 23:37:51 - Destroying ProtocolHandler ["http-nio-8080"]
2024-10-29 23:37:51 - {dataSource-6} closed
2024-10-29 23:37:51 - Starting SchoolRoomSysApplication using Java 1.8.0_144 on DESKTOP-9U7NROF with PID 21196 (D:\DormitoryManagementSystem\SchoolRoomSys\target\classes started by 董梁 in D:\DormitoryManagementSystem\SchoolRoomSys)
2024-10-29 23:37:51 - No active profile set, falling back to 1 default profile: "default"
2024-10-29 23:37:51 - Tomcat initialized with port(s): 8080 (http)
2024-10-29 23:37:51 - Initializing ProtocolHandler ["http-nio-8080"]
2024-10-29 23:37:51 - Starting service [Tomcat]
2024-10-29 23:37:51 - Starting Servlet engine: [Apache Tomcat/9.0.69]
2024-10-29 23:37:51 - Initializing Spring embedded WebApplicationContext
2024-10-29 23:37:51 - Root WebApplicationContext: initialization completed in 344 ms
2024-10-29 23:37:51 - Init DruidDataSource
2024-10-29 23:37:51 - {dataSource-7} inited
2024-10-29 23:37:52 - 生成school端接口文档
2024-10-29 23:37:52 - LiveReload server is running on port 35729
2024-10-29 23:37:52 - Mapped URL path [/v2/api-docs] onto method [springfox.documentation.swagger2.web.Swagger2ControllerWebMvc#getDocumentation(String, HttpServletRequest)]
2024-10-29 23:37:52 - Starting ProtocolHandler ["http-nio-8080"]
2024-10-29 23:37:52 - Tomcat started on port(s): 8080 (http) with context path '/SchoolRoomSys'
2024-10-29 23:37:52 - Documentation plugins bootstrapped
2024-10-29 23:37:52 - Found 3 custom documentation plugin(s)
2024-10-29 23:37:52 - Scanning for api listing references
2024-10-29 23:37:52 - Scanning for api listing references
2024-10-29 23:37:52 - Scanning for api listing references
2024-10-29 23:37:52 - Started SchoolRoomSysApplication in 1.232 seconds (JVM running for 2093.496)
2024-10-29 23:37:52 - Condition evaluation unchanged
2024-10-29 23:39:11 - {dataSource-7} closed
